TN:
SF:/home/zach/catkin_ws/src/final_map_mobile/src/Navigation.cpp
FN:57,_ZN10NavigationC2Ev
FN:77,_ZN10NavigationD2Ev
FN:93,_ZN10Navigation12laneCallbackERKN5boost10shared_ptrIKN8std_msgs8Float32_ISaIvEEEEE
FN:113,_ZN10Navigation12signCallbackERKN5boost10shared_ptrIKN8std_msgs5Int8_ISaIvEEEEE
FN:151,_ZN10Navigation11getAngularVEv
FN:156,_ZN10Navigation10getLinearVEv
FN:159,_GLOBAL__sub_I__ZN10NavigationC2Ev
FN:159,_Z41__static_initialization_and_destruction_0ii
FNDA:6,_ZN10NavigationC2Ev
FNDA:6,_ZN10NavigationD2Ev
FNDA:3,_ZN10Navigation12laneCallbackERKN5boost10shared_ptrIKN8std_msgs8Float32_ISaIvEEEEE
FNDA:3,_ZN10Navigation12signCallbackERKN5boost10shared_ptrIKN8std_msgs5Int8_ISaIvEEEEE
FNDA:3,_ZN10Navigation11getAngularVEv
FNDA:3,_ZN10Navigation10getLinearVEv
FNDA:1,_GLOBAL__sub_I__ZN10NavigationC2Ev
FNDA:1,_Z41__static_initialization_and_destruction_0ii
FNF:8
FNH:8
DA:57,6
DA:58,6
DA:59,12
DA:61,6
DA:62,6
DA:63,6
DA:64,6
DA:65,6
DA:66,6
DA:67,6
DA:68,6
DA:77,12
DA:78,6
DA:79,6
DA:80,6
DA:81,6
DA:82,6
DA:83,6
DA:84,6
DA:93,3
DA:94,3
DA:95,3
DA:96,1
DA:97,1
DA:98,2
DA:99,1
DA:100,1
DA:102,1
DA:104,3
DA:105,3
DA:113,3
DA:114,3
DA:115,6
DA:117,3
DA:118,2
DA:119,1
DA:120,201
DA:121,100
DA:122,100
DA:123,100
DA:124,100
DA:125,100
DA:126,100
DA:128,1
DA:129,1
DA:131,2
DA:132,1
DA:133,12079125
DA:134,6039562
DA:135,6039562
DA:136,6039562
DA:140,1
DA:141,1
DA:142,1
DA:144,3
DA:151,3
DA:152,3
DA:153,3
DA:156,3
DA:157,3
DA:158,3
DA:159,3
LF:62
LH:62
end_of_record
SF:/opt/ros/kinetic/include/geometry_msgs/Twist.h
FN:28,_ZN13geometry_msgs6Twist_ISaIvEEC2Ev
FN:122,_ZN3ros14message_traits6MD5SumIN13geometry_msgs6Twist_ISaIvEEEE5valueEv
FN:127,_ZN3ros14message_traits6MD5SumIN13geometry_msgs6Twist_ISaIvEEEE5valueERKS5_
FN:135,_ZN3ros14message_traits8DataTypeIN13geometry_msgs6Twist_ISaIvEEEE5valueEv
FN:140,_ZN3ros14message_traits8DataTypeIN13geometry_msgs6Twist_ISaIvEEEE5valueERKS5_
FN:146,_ZN3ros14message_traits10DefinitionIN13geometry_msgs6Twist_ISaIvEEEE5valueEv
FN:180,_ZN3ros13serialization10SerializerIN13geometry_msgs6Twist_ISaIvEEEE8allInOneINS0_7LStreamERKS5_EEvRT_T0_
FN:180,_ZN3ros13serialization10SerializerIN13geometry_msgs6Twist_ISaIvEEEE8allInOneINS0_7OStreamERKS5_EEvRT_T0_
FN:186,_ZN3ros13serialization10SerializerIN13geometry_msgs6Twist_ISaIvEEEE16serializedLengthIS5_EEjRKT_
FN:186,_ZN3ros13serialization10SerializerIN13geometry_msgs6Twist_ISaIvEEEE5writeINS0_7OStreamES5_EEvRT_RKT0_
FNDA:6,_ZN13geometry_msgs6Twist_ISaIvEEC2Ev
FNDA:12079536,_ZN3ros14message_traits6MD5SumIN13geometry_msgs6Twist_ISaIvEEEE5valueEv
FNDA:12079530,_ZN3ros14message_traits6MD5SumIN13geometry_msgs6Twist_ISaIvEEEE5valueERKS5_
FNDA:6,_ZN3ros14message_traits8DataTypeIN13geometry_msgs6Twist_ISaIvEEEE5valueEv
FNDA:0,_ZN3ros14message_traits8DataTypeIN13geometry_msgs6Twist_ISaIvEEEE5valueERKS5_
FNDA:6,_ZN3ros14message_traits10DefinitionIN13geometry_msgs6Twist_ISaIvEEEE5valueEv
FNDA:0,_ZN3ros13serialization10SerializerIN13geometry_msgs6Twist_ISaIvEEEE8allInOneINS0_7OStreamERKS5_EEvRT_T0_
FNDA:0,_ZN3ros13serialization10SerializerIN13geometry_msgs6Twist_ISaIvEEEE8allInOneINS0_7LStreamERKS5_EEvRT_T0_
FNDA:0,_ZN3ros13serialization10SerializerIN13geometry_msgs6Twist_ISaIvEEEE5writeINS0_7OStreamES5_EEvRT_RKT0_
FNDA:0,_ZN3ros13serialization10SerializerIN13geometry_msgs6Twist_ISaIvEEEE16serializedLengthIS5_EEjRKT_
FNF:10
FNH:5
DA:28,6
DA:30,6
DA:31,6
DA:122,12079536
DA:124,12079536
DA:127,12079530
DA:135,6
DA:137,6
DA:140,0
DA:146,6
DA:148,6
DA:180,0
DA:182,0
DA:183,0
DA:184,0
DA:186,0
LF:16
LH:10
end_of_record
SF:/opt/ros/kinetic/include/geometry_msgs/Vector3.h
FN:26,_ZN13geometry_msgs8Vector3_ISaIvEEC2Ev
FN:177,_ZN3ros13serialization10SerializerIN13geometry_msgs8Vector3_ISaIvEEEE8allInOneINS0_7LStreamERKS5_EEvRT_T0_
FN:177,_ZN3ros13serialization10SerializerIN13geometry_msgs8Vector3_ISaIvEEEE8allInOneINS0_7OStreamERKS5_EEvRT_T0_
FN:184,_ZN3ros13serialization10SerializerIN13geometry_msgs8Vector3_ISaIvEEEE5writeINS0_7OStreamES5_EEvRT_RKT0_
FN:184,_ZN3ros13serialization10SerializerIN13geometry_msgs8Vector3_ISaIvEEEE16serializedLengthIS5_EEjRKT_
FNDA:12,_ZN13geometry_msgs8Vector3_ISaIvEEC2Ev
FNDA:0,_ZN3ros13serialization10SerializerIN13geometry_msgs8Vector3_ISaIvEEEE8allInOneINS0_7OStreamERKS5_EEvRT_T0_
FNDA:0,_ZN3ros13serialization10SerializerIN13geometry_msgs8Vector3_ISaIvEEEE8allInOneINS0_7LStreamERKS5_EEvRT_T0_
FNDA:0,_ZN3ros13serialization10SerializerIN13geometry_msgs8Vector3_ISaIvEEEE5writeINS0_7OStreamES5_EEvRT_RKT0_
FNDA:0,_ZN3ros13serialization10SerializerIN13geometry_msgs8Vector3_ISaIvEEEE16serializedLengthIS5_EEjRKT_
FNF:5
FNH:1
DA:26,12
DA:29,12
DA:30,12
DA:177,0
DA:179,0
DA:180,0
DA:181,0
DA:182,0
DA:184,0
LF:9
LH:3
end_of_record
SF:/opt/ros/kinetic/include/ros/advertise_options.h
FN:41,_ZN3ros16AdvertiseOptionsD2Ev
FN:43,_ZN3ros16AdvertiseOptionsC2Ev
FN:84,_ZN3ros16AdvertiseOptions4initIN13geometry_msgs6Twist_ISaIvEEEEEvRKNSt7__cxx1112basic_stringIcSt11char_traitsIcESaIcEEEjRKN5boost8functionIFvRKNS_25SingleSubscriberPublisherEEEESM_
FNDA:0,_ZN3ros16AdvertiseOptionsD2Ev
FNDA:0,_ZN3ros16AdvertiseOptionsC2Ev
FNDA:6,_ZN3ros16AdvertiseOptions4initIN13geometry_msgs6Twist_ISaIvEEEEEvRKNSt7__cxx1112basic_stringIcSt11char_traitsIcESaIcEEEjRKN5boost8functionIFvRKNS_25SingleSubscriberPublisherEEEESM_
FNF:3
FNH:1
DA:41,0
DA:43,0
DA:45,0
DA:47,0
DA:84,6
DA:88,6
DA:89,6
DA:90,6
DA:91,6
DA:92,6
DA:93,6
DA:94,6
DA:95,6
DA:96,6
LF:14
LH:10
end_of_record
SF:/opt/ros/kinetic/include/ros/duration.h
FN:76,_ZN3ros12DurationBaseINS_8DurationEEC2Ev
FN:79,_ZN3ros12DurationBaseINS_8DurationEED2Ev
FN:108,_ZN3ros8DurationD2Ev
FN:119,_ZN3ros8DurationC2Ed
FNDA:6039664,_ZN3ros12DurationBaseINS_8DurationEEC2Ev
FNDA:12079358,_ZN3ros12DurationBaseINS_8DurationEED2Ev
FNDA:12079358,_ZN3ros8DurationD2Ev
FNDA:6039664,_ZN3ros8DurationC2Ed
FNF:4
FNH:4
DA:76,6039664
DA:79,12079358
DA:108,12079358
DA:119,6039664
LF:4
LH:4
end_of_record
SF:/opt/ros/kinetic/include/ros/message_traits.h
FN:226,_ZN3ros14message_traits6md5sumIN13geometry_msgs6Twist_ISaIvEEEEEPKcv
FN:235,_ZN3ros14message_traits8datatypeIN13geometry_msgs6Twist_ISaIvEEEEEPKcv
FN:244,_ZN3ros14message_traits10definitionIN13geometry_msgs6Twist_ISaIvEEEEEPKcv
FN:253,_ZN3ros14message_traits6md5sumIN13geometry_msgs6Twist_ISaIvEEEEEPKcRKT_
FN:262,_ZN3ros14message_traits8datatypeIN13geometry_msgs6Twist_ISaIvEEEEEPKcRKT_
FN:352,_ZN3ros14message_traits9hasHeaderIN13geometry_msgs6Twist_ISaIvEEEEEbv
FNDA:6,_ZN3ros14message_traits6md5sumIN13geometry_msgs6Twist_ISaIvEEEEEPKcv
FNDA:6,_ZN3ros14message_traits8datatypeIN13geometry_msgs6Twist_ISaIvEEEEEPKcv
FNDA:6,_ZN3ros14message_traits10definitionIN13geometry_msgs6Twist_ISaIvEEEEEPKcv
FNDA:12079530,_ZN3ros14message_traits6md5sumIN13geometry_msgs6Twist_ISaIvEEEEEPKcRKT_
FNDA:0,_ZN3ros14message_traits8datatypeIN13geometry_msgs6Twist_ISaIvEEEEEPKcRKT_
FNDA:6,_ZN3ros14message_traits9hasHeaderIN13geometry_msgs6Twist_ISaIvEEEEEbv
FNF:6
FNH:5
DA:226,6
DA:228,6
DA:235,6
DA:237,6
DA:244,6
DA:246,6
DA:253,12079530
DA:255,12079530
DA:262,0
DA:264,0
DA:352,6
DA:354,6
LF:12
LH:10
end_of_record
SF:/opt/ros/kinetic/include/ros/node_handle.h
FN:249,_ZN3ros10NodeHandle9advertiseIN13geometry_msgs6Twist_ISaIvEEEEENS_9PublisherERKNSt7__cxx1112basic_stringIcSt11char_traitsIcESaIcEEEjb
FNDA:6,_ZN3ros10NodeHandle9advertiseIN13geometry_msgs6Twist_ISaIvEEEEENS_9PublisherERKNSt7__cxx1112basic_stringIcSt11char_traitsIcESaIcEEEjb
FNF:1
FNH:1
DA:249,6
DA:251,12
DA:252,6
DA:253,6
DA:254,12
LF:5
LH:5
end_of_record
SF:/opt/ros/kinetic/include/ros/publisher.h
FN:47,_ZN3ros9PublisheraSERKS0_
FN:50,_ZN3ros9PublisherC2Ev
FN:95,_ZNK3ros9Publisher7publishIN13geometry_msgs6Twist_ISaIvEEEEEvRKT_
FNDA:0,_ZN3ros9PublisheraSERKS0_
FNDA:0,_ZN3ros9PublisherC2Ev
FNDA:6039765,_ZNK3ros9Publisher7publishIN13geometry_msgs6Twist_ISaIvEEEEEvRKT_
FNF:3
FNH:1
DA:47,0
DA:50,0
DA:95,6039765
DA:100,6039765
DA:102,0
DA:103,0
DA:106,6039765
DA:108,0
DA:109,0
DA:112,6039765
DA:117,12079530
DA:118,6039765
LF:12
LH:6
end_of_record
SF:/opt/ros/kinetic/include/ros/rate.h
FN:51,_ZN3ros4RateD2Ev
FNDA:15,_ZN3ros4RateD2Ev
FNF:1
FNH:1
DA:51,15
LF:1
LH:1
end_of_record
SF:/opt/ros/kinetic/include/ros/serialization.h
FN:152,_ZN3ros13serialization9serializeIN13geometry_msgs6Twist_ISaIvEEENS0_7OStreamEEEvRT0_RKT_
FN:152,_ZN3ros13serialization9serializeIjNS0_7OStreamEEEvRT0_RKT_
FN:152,_ZN3ros13serialization9serializeIdNS0_7OStreamEEEvRT0_RKT_
FN:152,_ZN3ros13serialization9serializeIN13geometry_msgs8Vector3_ISaIvEEENS0_7OStreamEEEvRT0_RKT_
FN:170,_ZN3ros13serialization19serializationLengthIN13geometry_msgs6Twist_ISaIvEEEEEjRKT_
FN:170,_ZN3ros13serialization19serializationLengthIdEEjRKT_
FN:170,_ZN3ros13serialization19serializationLengthIN13geometry_msgs8Vector3_ISaIvEEEEEjRKT_
FN:198,_ZN3ros13serialization10SerializerIjE5writeINS0_7OStreamEEEvRT_j
FN:203,_ZN3ros13serialization10SerializerIdE16serializedLengthERKd
FN:203,_ZN3ros13serialization10SerializerIdE5writeINS0_7OStreamEEEvRT_d
FN:667,_ZN3ros13serialization6Stream7getDataEv
FN:692,_ZN3ros13serialization6StreamC2EPhj
FN:737,_ZN3ros13serialization7OStreamC2EPhj
FN:769,_ZN3ros13serialization7LStreamC2Ev
FN:795,_ZN3ros13serialization7LStream9getLengthEv
FN:805,_ZN3ros13serialization16serializeMessageIN13geometry_msgs6Twist_ISaIvEEEEENS_17SerializedMessageERKT_
FNDA:0,_ZN3ros13serialization9serializeIdNS0_7OStreamEEEvRT0_RKT_
FNDA:0,_ZN3ros13serialization9serializeIN13geometry_msgs8Vector3_ISaIvEEENS0_7OStreamEEEvRT0_RKT_
FNDA:0,_ZN3ros13serialization9serializeIN13geometry_msgs6Twist_ISaIvEEENS0_7OStreamEEEvRT0_RKT_
FNDA:0,_ZN3ros13serialization9serializeIjNS0_7OStreamEEEvRT0_RKT_
FNDA:0,_ZN3ros13serialization19serializationLengthIdEEjRKT_
FNDA:0,_ZN3ros13serialization19serializationLengthIN13geometry_msgs8Vector3_ISaIvEEEEEjRKT_
FNDA:0,_ZN3ros13serialization19serializationLengthIN13geometry_msgs6Twist_ISaIvEEEEEjRKT_
FNDA:0,_ZN3ros13serialization10SerializerIjE5writeINS0_7OStreamEEEvRT_j
FNDA:0,_ZN3ros13serialization10SerializerIdE5writeINS0_7OStreamEEEvRT_d
FNDA:0,_ZN3ros13serialization10SerializerIdE16serializedLengthERKd
FNDA:0,_ZN3ros13serialization6Stream7getDataEv
FNDA:0,_ZN3ros13serialization6StreamC2EPhj
FNDA:0,_ZN3ros13serialization7OStreamC2EPhj
FNDA:0,_ZN3ros13serialization7LStreamC2Ev
FNDA:0,_ZN3ros13serialization7LStream9getLengthEv
FNDA:0,_ZN3ros13serialization16serializeMessageIN13geometry_msgs6Twist_ISaIvEEEEENS_17SerializedMessageERKT_
FNF:16
FNH:0
DA:152,0
DA:154,0
DA:155,0
DA:170,0
DA:172,0
DA:198,0
DA:203,0
DA:667,0
DA:675,0
DA:676,0
DA:677,0
DA:681,0
DA:683,0
DA:692,0
DA:694,0
DA:695,0
DA:737,0
DA:738,0
DA:739,0
DA:747,0
DA:769,0
DA:770,0
DA:771,0
DA:779,0
DA:795,0
DA:805,0
DA:807,0
DA:808,0
DA:809,0
DA:810,0
DA:812,0
DA:813,0
DA:814,0
DA:815,0
DA:817,0
LF:35
LH:0
end_of_record
SF:/opt/ros/kinetic/include/ros/serialized_message.h
FN:39,_ZN3ros17SerializedMessageD2Ev
FN:49,_ZN3ros17SerializedMessageC2Ev
FNDA:0,_ZN3ros17SerializedMessageD2Ev
FNDA:0,_ZN3ros17SerializedMessageC2Ev
FNF:2
FNH:0
DA:39,0
DA:49,0
DA:53,0
DA:54,0
LF:4
LH:0
end_of_record
SF:/usr/include/boost/bind/arg.hpp
FN:31,_ZN5boost3argILi4EEC2Ev
FN:31,_ZN5boost3argILi8EEC2Ev
FN:31,_ZN5boost3argILi1EEC2Ev
FN:31,_ZN5boost3argILi3EEC2Ev
FN:31,_ZN5boost3argILi2EEC2Ev
FN:31,_ZN5boost3argILi7EEC2Ev
FN:31,_ZN5boost3argILi9EEC2Ev
FN:31,_ZN5boost3argILi6EEC2Ev
FN:31,_ZN5boost3argILi5EEC2Ev
FNDA:0,_ZN5boost3argILi9EEC2Ev
FNDA:0,_ZN5boost3argILi8EEC2Ev
FNDA:0,_ZN5boost3argILi7EEC2Ev
FNDA:0,_ZN5boost3argILi6EEC2Ev
FNDA:0,_ZN5boost3argILi5EEC2Ev
FNDA:0,_ZN5boost3argILi4EEC2Ev
FNDA:0,_ZN5boost3argILi3EEC2Ev
FNDA:0,_ZN5boost3argILi2EEC2Ev
FNDA:0,_ZN5boost3argILi1EEC2Ev
FNF:9
FNH:0
DA:31,0
DA:33,0
LF:2
LH:0
end_of_record
SF:/usr/include/boost/bind/bind.hpp
FN:146,_ZN5boost3_bi9unwrapperIPFN3ros17SerializedMessageERKN13geometry_msgs6Twist_ISaIvEEEEE6unwrapERSB_l
FN:168,_ZN5boost3_bi5list0C2Ev
FN:174,_ZNK5boost3_bi5list0ixIKN13geometry_msgs6Twist_ISaIvEEEEERT_RKNS_17reference_wrapperIS8_EE
FN:225,_ZN5boost3_bi5list1INS_17reference_wrapperIKN13geometry_msgs6Twist_ISaIvEEEEEEC2ES8_
FN:241,_ZN5boost3_bi5list1INS_17reference_wrapperIKN13geometry_msgs6Twist_ISaIvEEEEEEclIN3ros17SerializedMessageEPFSC_RS7_ENS0_5list0EEET_NS0_4typeISH_EERT0_RT1_l
FN:886,_ZN5boost3_bi6bind_tIN3ros17SerializedMessageEPFS3_RKN13geometry_msgs6Twist_ISaIvEEEENS0_5list1INS_17reference_wrapperIS8_EEEEEC2ESB_RKSF_
FN:890,_ZN5boost3_bi6bind_tIN3ros17SerializedMessageEPFS3_RKN13geometry_msgs6Twist_ISaIvEEEENS0_5list1INS_17reference_wrapperIS8_EEEEEclEv
FNDA:0,_ZN5boost3_bi9unwrapperIPFN3ros17SerializedMessageERKN13geometry_msgs6Twist_ISaIvEEEEE6unwrapERSB_l
FNDA:0,_ZN5boost3_bi5list0C2Ev
FNDA:0,_ZNK5boost3_bi5list0ixIKN13geometry_msgs6Twist_ISaIvEEEEERT_RKNS_17reference_wrapperIS8_EE
FNDA:6039765,_ZN5boost3_bi5list1INS_17reference_wrapperIKN13geometry_msgs6Twist_ISaIvEEEEEEC2ES8_
FNDA:0,_ZN5boost3_bi5list1INS_17reference_wrapperIKN13geometry_msgs6Twist_ISaIvEEEEEEclIN3ros17SerializedMessageEPFSC_RS7_ENS0_5list0EEET_NS0_4typeISH_EERT0_RT1_l
FNDA:6039765,_ZN5boost3_bi6bind_tIN3ros17SerializedMessageEPFS3_RKN13geometry_msgs6Twist_ISaIvEEEENS0_5list1INS_17reference_wrapperIS8_EEEEEC2ESB_RKSF_
FNDA:0,_ZN5boost3_bi6bind_tIN3ros17SerializedMessageEPFS3_RKN13geometry_msgs6Twist_ISaIvEEEENS0_5list1INS_17reference_wrapperIS8_EEEEEclEv
FNF:7
FNH:2
DA:146,0
DA:148,0
DA:168,0
DA:174,0
DA:225,6039765
DA:241,0
DA:243,0
DA:886,6039765
DA:890,0
DA:892,0
DA:893,0
LF:11
LH:2
end_of_record
SF:/usr/include/boost/bind/bind_cc.hpp
FN:26,_ZN5boost4bindIN3ros17SerializedMessageERKN13geometry_msgs6Twist_ISaIvEEENS_17reference_wrapperIS7_EEEENS_3_bi6bind_tIT_PFSD_T0_ENSB_9list_av_1IT1_E4typeEEESG_SI_
FNDA:6039765,_ZN5boost4bindIN3ros17SerializedMessageERKN13geometry_msgs6Twist_ISaIvEEENS_17reference_wrapperIS7_EEEENS_3_bi6bind_tIT_PFSD_T0_ENSB_9list_av_1IT1_E4typeEEESG_SI_
FNF:1
FNH:1
DA:26,6039765
DA:30,6039765
LF:2
LH:2
end_of_record
SF:/usr/include/boost/bind/placeholders.hpp
DA:55,1
DA:56,1
DA:57,1
DA:58,1
DA:59,1
DA:60,1
DA:61,1
DA:62,1
DA:63,1
LF:9
LH:9
end_of_record
SF:/usr/include/boost/bind/storage.hpp
FN:42,_ZN5boost3_bi8storage1INS_17reference_wrapperIKN13geometry_msgs6Twist_ISaIvEEEEEEC2ES8_
FNDA:6039765,_ZN5boost3_bi8storage1INS_17reference_wrapperIKN13geometry_msgs6Twist_ISaIvEEEEEEC2ES8_
FNF:1
FNH:1
DA:42,6039765
LF:1
LH:1
end_of_record
SF:/usr/include/boost/core/addressof.hpp
DA:29,12079530
DA:30,12079530
DA:41,12079530
DA:116,24159060
LF:4
LH:4
end_of_record
SF:/usr/include/boost/core/checked_delete.hpp
FN:37,_ZN5boost20checked_array_deleteIhEEvPT_
FN:61,_ZNK5boost21checked_array_deleterIhEclEPh
FNDA:0,_ZN5boost20checked_array_deleteIhEEvPT_
FNDA:0,_ZNK5boost21checked_array_deleterIhEclEPh
FNF:2
FNH:0
DA:37,0
DA:41,0
DA:42,0
DA:61,0
DA:63,0
DA:64,0
LF:6
LH:0
end_of_record
SF:/usr/include/boost/core/ref.hpp
DA:73,6039765
DA:99,0
DA:139,6039765
LF:3
LH:2
end_of_record
SF:/usr/include/boost/function/function_base.hpp
FN:312,_ZN5boost6detail8function22functor_manager_commonINS_3_bi6bind_tIN3ros17SerializedMessageEPFS6_RKN13geometry_msgs6Twist_ISaIvEEEENS3_5list1INS_17reference_wrapperISB_EEEEEEE12manage_smallERKNS1_15function_bufferERSL_NS1_30functor_manager_operation_typeE
FN:361,_ZN5boost6detail8function15functor_managerINS_3_bi6bind_tIN3ros17SerializedMessageEPFS6_RKN13geometry_msgs6Twist_ISaIvEEEENS3_5list1INS_17reference_wrapperISB_EEEEEEE7managerERKNS1_15function_bufferERSL_NS1_30functor_manager_operation_typeEN4mpl_5bool_ILb1EEE
FN:409,_ZN5boost6detail8function15functor_managerINS_3_bi6bind_tIN3ros17SerializedMessageEPFS6_RKN13geometry_msgs6Twist_ISaIvEEEENS3_5list1INS_17reference_wrapperISB_EEEEEEE7managerERKNS1_15function_bufferERSL_NS1_30functor_manager_operation_typeENS1_16function_obj_tagE
FN:428,_ZN5boost6detail8function15functor_managerINS_3_bi6bind_tIN3ros17SerializedMessageEPFS6_RKN13geometry_msgs6Twist_ISaIvEEEENS3_5list1INS_17reference_wrapperISB_EEEEEEE6manageERKNS1_15function_bufferERSL_NS1_30functor_manager_operation_typeE
FN:633,_ZN5boost13function_baseC2Ev
FN:636,_ZNK5boost13function_base5emptyEv
FN:719,_ZNK5boost13function_base28has_trivial_copy_and_destroyEv
FN:886,_ZN5boost6detail8function16has_empty_targetEz
FNDA:0,_ZN5boost6detail8function22functor_manager_commonINS_3_bi6bind_tIN3ros17SerializedMessageEPFS6_RKN13geometry_msgs6Twist_ISaIvEEEENS3_5list1INS_17reference_wrapperISB_EEEEEEE12manage_smallERKNS1_15function_bufferERSL_NS1_30functor_manager_operation_typeE
FNDA:0,_ZN5boost6detail8function15functor_managerINS_3_bi6bind_tIN3ros17SerializedMessageEPFS6_RKN13geometry_msgs6Twist_ISaIvEEEENS3_5list1INS_17reference_wrapperISB_EEEEEEE7managerERKNS1_15function_bufferERSL_NS1_30functor_manager_operation_typeEN4mpl_5bool_ILb1EEE
FNDA:0,_ZN5boost6detail8function15functor_managerINS_3_bi6bind_tIN3ros17SerializedMessageEPFS6_RKN13geometry_msgs6Twist_ISaIvEEEENS3_5list1INS_17reference_wrapperISB_EEEEEEE7managerERKNS1_15function_bufferERSL_NS1_30functor_manager_operation_typeENS1_16function_obj_tagE
FNDA:0,_ZN5boost6detail8function15functor_managerINS_3_bi6bind_tIN3ros17SerializedMessageEPFS6_RKN13geometry_msgs6Twist_ISaIvEEEENS3_5list1INS_17reference_wrapperISB_EEEEEEE6manageERKNS1_15function_bufferERSL_NS1_30functor_manager_operation_typeE
FNDA:0,_ZN5boost13function_baseC2Ev
FNDA:0,_ZNK5boost13function_base5emptyEv
FNDA:0,_ZNK5boost13function_base28has_trivial_copy_and_destroyEv
FNDA:0,_ZN5boost6detail8function16has_empty_targetEz
FNF:8
FNH:0
DA:312,0
DA:315,0
DA:317,0
DA:318,0
DA:320,0
DA:321,0
DA:324,0
DA:325,0
DA:327,0
DA:330,0
DA:332,0
DA:333,0
DA:334,0
DA:336,0
DA:338,0
DA:339,0
DA:340,0
DA:342,0
DA:361,0
DA:364,0
DA:365,0
DA:409,0
DA:412,0
DA:414,0
DA:428,0
DA:432,0
DA:434,0
DA:435,0
DA:436,0
DA:437,0
DA:440,0
DA:441,0
DA:633,0
DA:636,0
DA:719,0
DA:720,0
DA:886,0
DA:888,0
LF:38
LH:0
end_of_record
SF:/usr/include/boost/function/function_template.hpp
FN:129,_ZN5boost6detail8function21function_obj_invoker0INS_3_bi6bind_tIN3ros17SerializedMessageEPFS6_RKN13geometry_msgs6Twist_ISaIvEEEENS3_5list1INS_17reference_wrapperISB_EEEEEES6_E6invokeERNS1_15function_bufferE
FN:495,_ZNK5boost6detail8function13basic_vtable0IN3ros17SerializedMessageEE9assign_toINS_3_bi6bind_tIS4_PFS4_RKN13geometry_msgs6Twist_ISaIvEEEENS7_5list1INS_17reference_wrapperISD_EEEEEEEEbT_RNS1_15function_bufferE
FN:507,_ZNK5boost6detail8function13basic_vtable1IvRKN3ros25SingleSubscriberPublisherEE5clearERNS1_15function_bufferE
FN:507,_ZNK5boost6detail8function13basic_vtable0IN3ros17SerializedMessageEE5clearERNS1_15function_bufferE
FN:570,_ZNK5boost6detail8function13basic_vtable0IN3ros17SerializedMessageEE14assign_functorINS_3_bi6bind_tIS4_PFS4_RKN13geometry_msgs6Twist_ISaIvEEEENS7_5list1INS_17reference_wrapperISD_EEEEEEEEvT_RNS1_15function_bufferEN4mpl_5bool_ILb1EEE
FN:605,_ZNK5boost6detail8function13basic_vtable0IN3ros17SerializedMessageEE9assign_toINS_3_bi6bind_tIS4_PFS4_RKN13geometry_msgs6Twist_ISaIvEEEENS7_5list1INS_17reference_wrapperISD_EEEEEEEEbT_RNS1_15function_bufferENS1_16function_obj_tagE
FN:684,_ZNK5boost9function0IN3ros17SerializedMessageEE10get_vtableEv
FN:684,_ZNK5boost9function1IvRKN3ros25SingleSubscriberPublisherEE10get_vtableEv
FN:713,_ZN5boost9function1IvRKN3ros25SingleSubscriberPublisherEEC2Ev
FN:718,_ZN5boost9function0IN3ros17SerializedMessageEEC2INS_3_bi6bind_tIS2_PFS2_RKN13geometry_msgs6Twist_ISaIvEEEENS5_5list1INS_17reference_wrapperISB_EEEEEEEET_NS_11enable_if_cIXsrNS_11type_traits7ice_notIXsrNS_11is_integralISK_EE5valueEEE5valueEiE4typeE
FN:753,_ZN5boost9function1IvRKN3ros25SingleSubscriberPublisherEEC2ERKS5_
FN:765,_ZN5boost9function0IN3ros17SerializedMessageEED2Ev
FN:765,_ZN5boost9function1IvRKN3ros25SingleSubscriberPublisherEED2Ev
FN:867,_ZN5boost9function1IvRKN3ros25SingleSubscriberPublisherEE4swapERS5_
FN:879,_ZN5boost9function1IvRKN3ros25SingleSubscriberPublisherEE5clearEv
FN:879,_ZN5boost9function0IN3ros17SerializedMessageEE5clearEv
FN:908,_ZN5boost9function1IvRKN3ros25SingleSubscriberPublisherEE13assign_to_ownERKS5_
FN:921,_ZN5boost9function0IN3ros17SerializedMessageEE9assign_toINS_3_bi6bind_tIS2_PFS2_RKN13geometry_msgs6Twist_ISaIvEEEENS5_5list1INS_17reference_wrapperISB_EEEEEEEEvT_
FN:992,_ZN5boost9function1IvRKN3ros25SingleSubscriberPublisherEE11move_assignERS5_
FN:1056,_ZN5boost8functionIFvRKN3ros25SingleSubscriberPublisherEEED2Ev
FN:1056,_ZN5boost8functionIFN3ros17SerializedMessageEvEED2Ev
FN:1066,_ZN5boost8functionIFvRKN3ros25SingleSubscriberPublisherEEEC2Ev
FN:1069,_ZN5boost8functionIFN3ros17SerializedMessageEvEEC2INS_3_bi6bind_tIS2_PFS2_RKN13geometry_msgs6Twist_ISaIvEEEENS6_5list1INS_17reference_wrapperISC_EEEEEEEET_NS_11enable_if_cIXsrNS_11type_traits7ice_notIXsrNS_11is_integralISL_EE5valueEEE5valueEiE4typeE
FN:1097,_ZN5boost8functionIFvRKN3ros25SingleSubscriberPublisherEEEC2ERKS6_
FN:1107,_ZN5boost8functionIFvRKN3ros25SingleSubscriberPublisherEEEaSERKS6_
FNDA:0,_ZN5boost6detail8function21function_obj_invoker0INS_3_bi6bind_tIN3ros17SerializedMessageEPFS6_RKN13geometry_msgs6Twist_ISaIvEEEENS3_5list1INS_17reference_wrapperISB_EEEEEES6_E6invokeERNS1_15function_bufferE
FNDA:6039765,_ZNK5boost6detail8function13basic_vtable0IN3ros17SerializedMessageEE9assign_toINS_3_bi6bind_tIS4_PFS4_RKN13geometry_msgs6Twist_ISaIvEEEENS7_5list1INS_17reference_wrapperISD_EEEEEEEEbT_RNS1_15function_bufferE
FNDA:0,_ZNK5boost6detail8function13basic_vtable0IN3ros17SerializedMessageEE5clearERNS1_15function_bufferE
FNDA:0,_ZNK5boost6detail8function13basic_vtable1IvRKN3ros25SingleSubscriberPublisherEE5clearERNS1_15function_bufferE
FNDA:6039765,_ZNK5boost6detail8function13basic_vtable0IN3ros17SerializedMessageEE14assign_functorINS_3_bi6bind_tIS4_PFS4_RKN13geometry_msgs6Twist_ISaIvEEEENS7_5list1INS_17reference_wrapperISD_EEEEEEEEvT_RNS1_15function_bufferEN4mpl_5bool_ILb1EEE
FNDA:6039765,_ZNK5boost6detail8function13basic_vtable0IN3ros17SerializedMessageEE9assign_toINS_3_bi6bind_tIS4_PFS4_RKN13geometry_msgs6Twist_ISaIvEEEENS7_5list1INS_17reference_wrapperISD_EEEEEEEEbT_RNS1_15function_bufferENS1_16function_obj_tagE
FNDA:0,_ZNK5boost9function0IN3ros17SerializedMessageEE10get_vtableEv
FNDA:0,_ZNK5boost9function1IvRKN3ros25SingleSubscriberPublisherEE10get_vtableEv
FNDA:0,_ZN5boost9function1IvRKN3ros25SingleSubscriberPublisherEEC2Ev
FNDA:6039765,_ZN5boost9function0IN3ros17SerializedMessageEEC2INS_3_bi6bind_tIS2_PFS2_RKN13geometry_msgs6Twist_ISaIvEEEENS5_5list1INS_17reference_wrapperISB_EEEEEEEET_NS_11enable_if_cIXsrNS_11type_traits7ice_notIXsrNS_11is_integralISK_EE5valueEEE5valueEiE4typeE
FNDA:0,_ZN5boost9function1IvRKN3ros25SingleSubscriberPublisherEEC2ERKS5_
FNDA:0,_ZN5boost9function0IN3ros17SerializedMessageEED2Ev
FNDA:0,_ZN5boost9function1IvRKN3ros25SingleSubscriberPublisherEED2Ev
FNDA:0,_ZN5boost9function1IvRKN3ros25SingleSubscriberPublisherEE4swapERS5_
FNDA:0,_ZN5boost9function0IN3ros17SerializedMessageEE5clearEv
FNDA:0,_ZN5boost9function1IvRKN3ros25SingleSubscriberPublisherEE5clearEv
FNDA:0,_ZN5boost9function1IvRKN3ros25SingleSubscriberPublisherEE13assign_to_ownERKS5_
FNDA:6039765,_ZN5boost9function0IN3ros17SerializedMessageEE9assign_toINS_3_bi6bind_tIS2_PFS2_RKN13geometry_msgs6Twist_ISaIvEEEENS5_5list1INS_17reference_wrapperISB_EEEEEEEEvT_
FNDA:0,_ZN5boost9function1IvRKN3ros25SingleSubscriberPublisherEE11move_assignERS5_
FNDA:0,_ZN5boost8functionIFN3ros17SerializedMessageEvEED2Ev
FNDA:0,_ZN5boost8functionIFvRKN3ros25SingleSubscriberPublisherEEED2Ev
FNDA:0,_ZN5boost8functionIFvRKN3ros25SingleSubscriberPublisherEEEC2Ev
FNDA:6039765,_ZN5boost8functionIFN3ros17SerializedMessageEvEEC2INS_3_bi6bind_tIS2_PFS2_RKN13geometry_msgs6Twist_ISaIvEEEENS6_5list1INS_17reference_wrapperISC_EEEEEEEET_NS_11enable_if_cIXsrNS_11type_traits7ice_notIXsrNS_11is_integralISL_EE5valueEEE5valueEiE4typeE
FNDA:0,_ZN5boost8functionIFvRKN3ros25SingleSubscriberPublisherEEEC2ERKS6_
FNDA:0,_ZN5boost8functionIFvRKN3ros25SingleSubscriberPublisherEEEaSERKS6_
FNF:25
FNH:6
DA:129,0
DA:135,0
DA:138,0
DA:495,6039765
DA:498,6039765
DA:507,0
DA:509,0
DA:510,0
DA:511,0
DA:570,6039765
DA:572,6039765
DA:573,6039765
DA:605,6039765
DA:607,6039765
DA:608,6039765
DA:610,6039765
DA:612,0
DA:684,0
DA:686,0
DA:713,0
DA:718,6039765
DA:726,6039765
DA:728,6039765
DA:729,6039765
DA:753,0
DA:755,0
DA:756,0
DA:765,0
DA:867,0
DA:869,0
DA:870,0
DA:872,0
DA:873,0
DA:874,0
DA:875,0
DA:879,0
DA:881,0
DA:882,0
DA:883,0
DA:884,0
DA:886,0
DA:908,0
DA:910,0
DA:911,0
DA:912,0
DA:913,0
DA:915,0
DA:918,0
DA:921,6039765
DA:942,6039765
DA:943,6039765
DA:948,6039765
DA:949,6039765
DA:951,0
DA:952,6039765
DA:992,0
DA:994,0
DA:995,0
DA:998,0
DA:999,0
DA:1000,0
DA:1001,0
DA:1003,0
DA:1005,0
DA:1007,0
DA:1009,0
DA:1010,0
DA:1011,0
DA:1056,0
DA:1066,0
DA:1069,6039765
DA:1077,6039765
DA:1079,6039765
DA:1097,0
DA:1107,0
DA:1109,0
DA:1110,0
LF:77
LH:22
end_of_record
SF:/usr/include/boost/smart_ptr/detail/operator_bool.hpp
FN:60,_ZNK5boost10shared_ptrIN3ros9Publisher4ImplEEntEv
FNDA:0,_ZNK5boost10shared_ptrIN3ros9Publisher4ImplEEntEv
FNF:1
FNH:0
DA:60,0
DA:62,0
LF:2
LH:0
end_of_record
SF:/usr/include/boost/smart_ptr/detail/shared_count.hpp
FN:114,_ZN5boost6detail12shared_countC2Ev
FN:154,_ZN5boost6detail12shared_countC2IPhNS_21checked_array_deleterIhEEEET_T0_
FN:441,_ZN5boost6detail12shared_countD2Ev
FN:449,_ZN5boost6detail12shared_countC2ERKS1_
FN:486,_ZN5boost6detail12shared_count4swapERS1_
FNDA:0,_ZN5boost6detail12shared_countC2Ev
FNDA:0,_ZN5boost6detail12shared_countC2IPhNS_21checked_array_deleterIhEEEET_T0_
FNDA:0,_ZN5boost6detail12shared_countD2Ev
FNDA:0,_ZN5boost6detail12shared_countC2ERKS1_
FNDA:0,_ZN5boost6detail12shared_count4swapERS1_
FNF:5
FNH:0
DA:114,0
DA:119,0
DA:154,0
DA:167,0
DA:169,0
DA:171,0
DA:172,0
DA:186,0
DA:441,0
DA:442,0
DA:443,0
DA:447,0
DA:449,0
DA:454,0
DA:455,0
DA:486,0
DA:488,0
DA:489,0
DA:490,0
DA:491,0
LF:20
LH:0
end_of_record
SF:/usr/include/boost/smart_ptr/detail/sp_counted_base_gcc_x86.hpp
FN:35,_ZN5boost6detail23atomic_exchange_and_addEPii
FN:55,_ZN5boost6detail16atomic_incrementEPi
FN:109,_ZN5boost6detail15sp_counted_baseC2Ev
FN:113,_ZN5boost6detail15sp_counted_baseD2Ev
FN:113,_ZN5boost6detail15sp_counted_baseD0Ev
FN:124,_ZN5boost6detail15sp_counted_base7destroyEv
FN:132,_ZN5boost6detail15sp_counted_base12add_ref_copyEv
FN:142,_ZN5boost6detail15sp_counted_base7releaseEv
FN:156,_ZN5boost6detail15sp_counted_base12weak_releaseEv
FNDA:0,_ZN5boost6detail23atomic_exchange_and_addEPii
FNDA:0,_ZN5boost6detail16atomic_incrementEPi
FNDA:0,_ZN5boost6detail15sp_counted_baseC2Ev
FNDA:0,_ZN5boost6detail15sp_counted_baseD0Ev
FNDA:0,_ZN5boost6detail15sp_counted_baseD2Ev
FNDA:0,_ZN5boost6detail15sp_counted_base7destroyEv
FNDA:0,_ZN5boost6detail15sp_counted_base12add_ref_copyEv
FNDA:0,_ZN5boost6detail15sp_counted_base7releaseEv
FNDA:0,_ZN5boost6detail15sp_counted_base12weak_releaseEv
FNF:9
FNH:0
DA:35,0
DA:50,0
DA:52,0
DA:55,0
DA:66,0
DA:67,0
DA:109,0
DA:111,0
DA:113,0
DA:114,0
DA:115,0
DA:124,0
DA:126,0
DA:127,0
DA:132,0
DA:134,0
DA:135,0
DA:142,0
DA:144,0
DA:146,0
DA:147,0
DA:149,0
DA:156,0
DA:158,0
DA:160,0
DA:162,0
LF:26
LH:0
end_of_record
SF:/usr/include/boost/smart_ptr/detail/sp_counted_impl.hpp
FN:127,_ZN5boost6detail18sp_counted_impl_pdIPhNS_21checked_array_deleterIhEEED2Ev
FN:127,_ZN5boost6detail18sp_counted_impl_pdIPhNS_21checked_array_deleterIhEEED0Ev
FN:143,_ZN5boost6detail18sp_counted_impl_pdIPhNS_21checked_array_deleterIhEEEC2ES2_RS4_
FN:151,_ZN5boost6detail18sp_counted_impl_pdIPhNS_21checked_array_deleterIhEEE7disposeEv
FN:156,_ZN5boost6detail18sp_counted_impl_pdIPhNS_21checked_array_deleterIhEEE11get_deleterERKSt9type_info
FN:161,_ZN5boost6detail18sp_counted_impl_pdIPhNS_21checked_array_deleterIhEEE19get_untyped_deleterEv
FNDA:0,_ZN5boost6detail18sp_counted_impl_pdIPhNS_21checked_array_deleterIhEEED0Ev
FNDA:0,_ZN5boost6detail18sp_counted_impl_pdIPhNS_21checked_array_deleterIhEEED2Ev
FNDA:0,_ZN5boost6detail18sp_counted_impl_pdIPhNS_21checked_array_deleterIhEEEC2ES2_RS4_
FNDA:0,_ZN5boost6detail18sp_counted_impl_pdIPhNS_21checked_array_deleterIhEEE7disposeEv
FNDA:0,_ZN5boost6detail18sp_counted_impl_pdIPhNS_21checked_array_deleterIhEEE11get_deleterERKSt9type_info
FNDA:0,_ZN5boost6detail18sp_counted_impl_pdIPhNS_21checked_array_deleterIhEEE19get_untyped_deleterEv
FNF:6
FNH:0
DA:127,0
DA:143,0
DA:145,0
DA:151,0
DA:153,0
DA:154,0
DA:156,0
DA:158,0
DA:161,0
DA:163,0
LF:10
LH:0
end_of_record
SF:/usr/include/boost/smart_ptr/shared_array.hpp
FN:44,_ZN5boost12shared_arrayIhED2Ev
FN:56,_ZN5boost12shared_arrayIhEC2Ev
FN:69,_ZN5boost12shared_arrayIhEC2IhEEPT_
FN:175,_ZN5boost12shared_arrayIhE5resetIhEEvPT_
FN:203,_ZNK5boost12shared_arrayIhE3getEv
FN:221,_ZN5boost12shared_arrayIhE4swapERS1_
FNDA:0,_ZN5boost12shared_arrayIhED2Ev
FNDA:0,_ZN5boost12shared_arrayIhEC2Ev
FNDA:0,_ZN5boost12shared_arrayIhEC2IhEEPT_
FNDA:0,_ZN5boost12shared_arrayIhE5resetIhEEvPT_
FNDA:0,_ZNK5boost12shared_arrayIhE3getEv
FNDA:0,_ZN5boost12shared_arrayIhE4swapERS1_
FNF:6
FNH:0
DA:44,0
DA:56,0
DA:58,0
DA:69,0
DA:71,0
DA:72,0
DA:175,0
DA:177,0
DA:178,0
DA:179,0
DA:203,0
DA:205,0
DA:221,0
DA:223,0
DA:224,0
DA:225,0
LF:16
LH:0
end_of_record
SF:/usr/include/boost/smart_ptr/shared_ptr.hpp
FN:251,_ZN5boost6detail21sp_assert_convertibleIA_hS2_EEvv
FN:323,_ZN5boost10shared_ptrIKvED2Ev
FN:323,_ZN5boost10shared_ptrIN3ros9Publisher4ImplEED2Ev
FN:334,_ZN5boost10shared_ptrIN3ros9Publisher4ImplEEC2Ev
FN:334,_ZN5boost10shared_ptrIKvEC2Ev
FN:392,_ZN5boost10shared_ptrIN3ros9Publisher4ImplEEC2ERKS4_
FN:500,_ZN5boost10shared_ptrIN3ros9Publisher4ImplEEaSERKS4_
FN:646,_ZNK5boost10shared_ptrIKN8std_msgs5Int8_ISaIvEEEEptEv
FN:646,_ZNK5boost10shared_ptrIN3ros9Publisher4ImplEEptEv
FN:646,_ZNK5boost10shared_ptrIKN8std_msgs8Float32_ISaIvEEEEptEv
FN:679,_ZN5boost10shared_ptrIN3ros9Publisher4ImplEE4swapERS4_
FNDA:0,_ZN5boost6detail21sp_assert_convertibleIA_hS2_EEvv
FNDA:0,_ZN5boost10shared_ptrIN3ros9Publisher4ImplEED2Ev
FNDA:0,_ZN5boost10shared_ptrIKvED2Ev
FNDA:0,_ZN5boost10shared_ptrIN3ros9Publisher4ImplEEC2Ev
FNDA:0,_ZN5boost10shared_ptrIKvEC2Ev
FNDA:0,_ZN5boost10shared_ptrIN3ros9Publisher4ImplEEC2ERKS4_
FNDA:0,_ZN5boost10shared_ptrIN3ros9Publisher4ImplEEaSERKS4_
FNDA:3,_ZNK5boost10shared_ptrIKN8std_msgs5Int8_ISaIvEEEEptEv
FNDA:3,_ZNK5boost10shared_ptrIKN8std_msgs8Float32_ISaIvEEEEptEv
FNDA:0,_ZNK5boost10shared_ptrIN3ros9Publisher4ImplEEptEv
FNDA:0,_ZN5boost10shared_ptrIN3ros9Publisher4ImplEE4swapERS4_
FNF:11
FNH:2
DA:251,0
DA:265,0
DA:323,0
DA:334,0
DA:336,0
DA:392,0
DA:394,0
DA:500,0
DA:502,0
DA:503,0
DA:646,6
DA:648,6
DA:649,6
DA:679,0
DA:681,0
DA:682,0
DA:683,0
LF:17
LH:3
end_of_record
SF:/usr/include/c++/5/bits/alloc_traits.h
FN:516,_ZNSt16allocator_traitsISaISt13_Rb_tree_nodeISt4pairIKNSt7__cxx1112basic_stringIcSt11char_traitsIcESaIcEEES7_EEEE10deallocateERSB_PSA_m
FN:541,_ZNSt16allocator_traitsISaISt13_Rb_tree_nodeISt4pairIKNSt7__cxx1112basic_stringIcSt11char_traitsIcESaIcEEES7_EEEE7destroyIS9_EEvRSB_PT_
FNDA:0,_ZNSt16allocator_traitsISaISt13_Rb_tree_nodeISt4pairIKNSt7__cxx1112basic_stringIcSt11char_traitsIcESaIcEEES7_EEEE10deallocateERSB_PSA_m
FNDA:0,_ZNSt16allocator_traitsISaISt13_Rb_tree_nodeISt4pairIKNSt7__cxx1112basic_stringIcSt11char_traitsIcESaIcEEES7_EEEE7destroyIS9_EEvRSB_PT_
FNF:2
FNH:0
DA:516,0
DA:517,0
DA:541,0
DA:542,0
LF:4
LH:0
end_of_record
SF:/usr/include/c++/5/bits/allocator.h
FN:113,_ZNSaISt13_Rb_tree_nodeISt4pairIKNSt7__cxx1112basic_stringIcSt11char_traitsIcESaIcEEES6_EEEC2Ev
FN:121,_ZNSaISt13_Rb_tree_nodeISt4pairIKNSt7__cxx1112basic_stringIcSt11char_traitsIcESaIcEEES6_EEED2Ev
FNDA:0,_ZNSaISt13_Rb_tree_nodeISt4pairIKNSt7__cxx1112basic_stringIcSt11char_traitsIcESaIcEEES6_EEEC2Ev
FNDA:0,_ZNSaISt13_Rb_tree_nodeISt4pairIKNSt7__cxx1112basic_stringIcSt11char_traitsIcESaIcEEES6_EEED2Ev
FNF:2
FNH:0
DA:113,0
DA:121,0
LF:2
LH:0
end_of_record
SF:/usr/include/c++/5/bits/basic_string.h
FN:4937,_ZSteqIcSt11char_traitsIcESaIcEEbRKNSt7__cxx1112basic_stringIT_T0_T1_EEPKS5_
FNDA:0,_ZSteqIcSt11char_traitsIcESaIcEEbRKNSt7__cxx1112basic_stringIT_T0_T1_EEPKS5_
FNF:1
FNH:0
DA:4937,0
DA:4939,0
LF:2
LH:0
end_of_record
SF:/usr/include/c++/5/bits/ios_base.h
FN:129,_ZStorSt13_Ios_OpenmodeS_
FNDA:0,_ZStorSt13_Ios_OpenmodeS_
FNF:1
FNH:0
DA:129,0
DA:130,0
LF:2
LH:0
end_of_record
SF:/usr/include/c++/5/bits/move.h
FN:101,_ZSt4moveIRPhEONSt16remove_referenceIT_E4typeEOS3_
FN:101,_ZSt4moveIRPN3ros9Publisher4ImplEEONSt16remove_referenceIT_E4typeEOS6_
FN:176,_ZSt4swapIPhEvRT_S2_
FN:176,_ZSt4swapIPN3ros9Publisher4ImplEEvRT_S5_
FNDA:0,_ZSt4moveIRPhEONSt16remove_referenceIT_E4typeEOS3_
FNDA:0,_ZSt4moveIRPN3ros9Publisher4ImplEEONSt16remove_referenceIT_E4typeEOS6_
FNDA:0,_ZSt4swapIPhEvRT_S2_
FNDA:0,_ZSt4swapIPN3ros9Publisher4ImplEEvRT_S5_
FNF:4
FNH:0
DA:101,0
DA:102,0
DA:176,0
DA:185,0
DA:186,0
DA:187,0
DA:188,0
LF:7
LH:0
end_of_record
SF:/usr/include/c++/5/bits/stl_function.h
FN:105,_ZNSt14unary_functionIRKN3ros25SingleSubscriberPublisherEvEC2Ev
FNDA:0,_ZNSt14unary_functionIRKN3ros25SingleSubscriberPublisherEvEC2Ev
FNF:1
FNH:0
DA:105,0
LF:1
LH:0
end_of_record
SF:/usr/include/c++/5/bits/stl_map.h
FN:96,_ZNSt3mapINSt7__cxx1112basic_stringIcSt11char_traitsIcESaIcEEES5_St4lessIS5_ESaISt4pairIKS5_S5_EEED2Ev
FN:162,_ZNSt3mapINSt7__cxx1112basic_stringIcSt11char_traitsIcESaIcEEES5_St4lessIS5_ESaISt4pairIKS5_S5_EEEC2Ev
FNDA:0,_ZNSt3mapINSt7__cxx1112basic_stringIcSt11char_traitsIcESaIcEEES5_St4lessIS5_ESaISt4pairIKS5_S5_EEED2Ev
FNDA:0,_ZNSt3mapINSt7__cxx1112basic_stringIcSt11char_traitsIcESaIcEEES5_St4lessIS5_ESaISt4pairIKS5_S5_EEEC2Ev
FNF:2
FNH:0
DA:96,0
DA:162,0
DA:166,0
LF:3
LH:0
end_of_record
SF:/usr/include/c++/5/bits/stl_pair.h
FN:96,_ZNSt4pairIKNSt7__cxx1112basic_stringIcSt11char_traitsIcESaIcEEES5_ED2Ev
FNDA:0,_ZNSt4pairIKNSt7__cxx1112basic_stringIcSt11char_traitsIcESaIcEEES5_ED2Ev
FNF:1
FNH:0
DA:96,0
LF:1
LH:0
end_of_record
SF:/usr/include/c++/5/bits/stl_tree.h
FN:152,_ZNSt13_Rb_tree_nodeISt4pairIKNSt7__cxx1112basic_stringIcSt11char_traitsIcESaIcEEES6_EE9_M_valptrEv
FN:477,_ZNSt8_Rb_treeINSt7__cxx1112basic_stringIcSt11char_traitsIcESaIcEEESt4pairIKS5_S5_ESt10_Select1stIS8_ESt4lessIS5_ESaIS8_EE21_M_get_Node_allocatorEv
FN:494,_ZNSt8_Rb_treeINSt7__cxx1112basic_stringIcSt11char_traitsIcESaIcEEESt4pairIKS5_S5_ESt10_Select1stIS8_ESt4lessIS5_ESaIS8_EE11_M_put_nodeEPSt13_Rb_tree_nodeIS8_E
FN:551,_ZNSt8_Rb_treeINSt7__cxx1112basic_stringIcSt11char_traitsIcESaIcEEESt4pairIKS5_S5_ESt10_Select1stIS8_ESt4lessIS5_ESaIS8_EE15_M_destroy_nodeEPSt13_Rb_tree_nodeIS8_E
FN:559,_ZNSt8_Rb_treeINSt7__cxx1112basic_stringIcSt11char_traitsIcESaIcEEESt4pairIKS5_S5_ESt10_Select1stIS8_ESt4lessIS5_ESaIS8_EE12_M_drop_nodeEPSt13_Rb_tree_nodeIS8_E
FN:580,_ZNSt8_Rb_treeINSt7__cxx1112basic_stringIcSt11char_traitsIcESaIcEEESt4pairIKS5_S5_ESt10_Select1stIS8_ESt4lessIS5_ESaIS8_EE13_Rb_tree_implISC_Lb1EED2Ev
FN:586,_ZNSt8_Rb_treeINSt7__cxx1112basic_stringIcSt11char_traitsIcESaIcEEESt4pairIKS5_S5_ESt10_Select1stIS8_ESt4lessIS5_ESaIS8_EE13_Rb_tree_implISC_Lb1EEC2Ev
FN:614,_ZNSt8_Rb_treeINSt7__cxx1112basic_stringIcSt11char_traitsIcESaIcEEESt4pairIKS5_S5_ESt10_Select1stIS8_ESt4lessIS5_ESaIS8_EE13_Rb_tree_implISC_Lb1EE13_M_initializeEv
FN:651,_ZNSt8_Rb_treeINSt7__cxx1112basic_stringIcSt11char_traitsIcESaIcEEESt4pairIKS5_S5_ESt10_Select1stIS8_ESt4lessIS5_ESaIS8_EE8_M_beginEv
FN:678,_ZNSt8_Rb_treeINSt7__cxx1112basic_stringIcSt11char_traitsIcESaIcEEESt4pairIKS5_S5_ESt10_Select1stIS8_ESt4lessIS5_ESaIS8_EE7_S_leftEPSt18_Rb_tree_node_base
FN:686,_ZNSt8_Rb_treeINSt7__cxx1112basic_stringIcSt11char_traitsIcESaIcEEESt4pairIKS5_S5_ESt10_Select1stIS8_ESt4lessIS5_ESaIS8_EE8_S_rightEPSt18_Rb_tree_node_base
FN:807,_ZNSt8_Rb_treeINSt7__cxx1112basic_stringIcSt11char_traitsIcESaIcEEESt4pairIKS5_S5_ESt10_Select1stIS8_ESt4lessIS5_ESaIS8_EEC2Ev
FN:857,_ZNSt8_Rb_treeINSt7__cxx1112basic_stringIcSt11char_traitsIcESaIcEEESt4pairIKS5_S5_ESt10_Select1stIS8_ESt4lessIS5_ESaIS8_EED2Ev
FN:1606,_ZNSt8_Rb_treeINSt7__cxx1112basic_stringIcSt11char_traitsIcESaIcEEESt4pairIKS5_S5_ESt10_Select1stIS8_ESt4lessIS5_ESaIS8_EE8_M_eraseEPSt13_Rb_tree_nodeIS8_E
FNDA:0,_ZNSt13_Rb_tree_nodeISt4pairIKNSt7__cxx1112basic_stringIcSt11char_traitsIcESaIcEEES6_EE9_M_valptrEv
FNDA:0,_ZNSt8_Rb_treeINSt7__cxx1112basic_stringIcSt11char_traitsIcESaIcEEESt4pairIKS5_S5_ESt10_Select1stIS8_ESt4lessIS5_ESaIS8_EE21_M_get_Node_allocatorEv
FNDA:0,_ZNSt8_Rb_treeINSt7__cxx1112basic_stringIcSt11char_traitsIcESaIcEEESt4pairIKS5_S5_ESt10_Select1stIS8_ESt4lessIS5_ESaIS8_EE11_M_put_nodeEPSt13_Rb_tree_nodeIS8_E
FNDA:0,_ZNSt8_Rb_treeINSt7__cxx1112basic_stringIcSt11char_traitsIcESaIcEEESt4pairIKS5_S5_ESt10_Select1stIS8_ESt4lessIS5_ESaIS8_EE15_M_destroy_nodeEPSt13_Rb_tree_nodeIS8_E
FNDA:0,_ZNSt8_Rb_treeINSt7__cxx1112basic_stringIcSt11char_traitsIcESaIcEEESt4pairIKS5_S5_ESt10_Select1stIS8_ESt4lessIS5_ESaIS8_EE12_M_drop_nodeEPSt13_Rb_tree_nodeIS8_E
FNDA:0,_ZNSt8_Rb_treeINSt7__cxx1112basic_stringIcSt11char_traitsIcESaIcEEESt4pairIKS5_S5_ESt10_Select1stIS8_ESt4lessIS5_ESaIS8_EE13_Rb_tree_implISC_Lb1EED2Ev
FNDA:0,_ZNSt8_Rb_treeINSt7__cxx1112basic_stringIcSt11char_traitsIcESaIcEEESt4pairIKS5_S5_ESt10_Select1stIS8_ESt4lessIS5_ESaIS8_EE13_Rb_tree_implISC_Lb1EEC2Ev
FNDA:0,_ZNSt8_Rb_treeINSt7__cxx1112basic_stringIcSt11char_traitsIcESaIcEEESt4pairIKS5_S5_ESt10_Select1stIS8_ESt4lessIS5_ESaIS8_EE13_Rb_tree_implISC_Lb1EE13_M_initializeEv
FNDA:0,_ZNSt8_Rb_treeINSt7__cxx1112basic_stringIcSt11char_traitsIcESaIcEEESt4pairIKS5_S5_ESt10_Select1stIS8_ESt4lessIS5_ESaIS8_EE8_M_beginEv
FNDA:0,_ZNSt8_Rb_treeINSt7__cxx1112basic_stringIcSt11char_traitsIcESaIcEEESt4pairIKS5_S5_ESt10_Select1stIS8_ESt4lessIS5_ESaIS8_EE7_S_leftEPSt18_Rb_tree_node_base
FNDA:0,_ZNSt8_Rb_treeINSt7__cxx1112basic_stringIcSt11char_traitsIcESaIcEEESt4pairIKS5_S5_ESt10_Select1stIS8_ESt4lessIS5_ESaIS8_EE8_S_rightEPSt18_Rb_tree_node_base
FNDA:0,_ZNSt8_Rb_treeINSt7__cxx1112basic_stringIcSt11char_traitsIcESaIcEEESt4pairIKS5_S5_ESt10_Select1stIS8_ESt4lessIS5_ESaIS8_EEC2Ev
FNDA:0,_ZNSt8_Rb_treeINSt7__cxx1112basic_stringIcSt11char_traitsIcESaIcEEESt4pairIKS5_S5_ESt10_Select1stIS8_ESt4lessIS5_ESaIS8_EED2Ev
FNDA:0,_ZNSt8_Rb_treeINSt7__cxx1112basic_stringIcSt11char_traitsIcESaIcEEESt4pairIKS5_S5_ESt10_Select1stIS8_ESt4lessIS5_ESaIS8_EE8_M_eraseEPSt13_Rb_tree_nodeIS8_E
FNF:14
FNH:0
DA:152,0
DA:153,0
DA:477,0
DA:478,0
DA:494,0
DA:495,0
DA:551,0
DA:553,0
DA:555,0
DA:559,0
DA:561,0
DA:562,0
DA:563,0
DA:580,0
DA:586,0
DA:588,0
DA:589,0
DA:614,0
DA:616,0
DA:617,0
DA:618,0
DA:619,0
DA:620,0
DA:651,0
DA:652,0
DA:678,0
DA:679,0
DA:686,0
DA:687,0
DA:807,0
DA:857,0
DA:858,0
DA:1606,0
DA:1610,0
DA:1612,0
DA:1613,0
DA:1614,0
DA:1615,0
DA:1617,0
LF:39
LH:0
end_of_record
SF:/usr/include/c++/5/ext/aligned_buffer.h
FN:62,_ZN9__gnu_cxx16__aligned_membufISt4pairIKNSt7__cxx1112basic_stringIcSt11char_traitsIcESaIcEEES7_EE7_M_addrEv
FN:70,_ZN9__gnu_cxx16__aligned_membufISt4pairIKNSt7__cxx1112basic_stringIcSt11char_traitsIcESaIcEEES7_EE6_M_ptrEv
FNDA:0,_ZN9__gnu_cxx16__aligned_membufISt4pairIKNSt7__cxx1112basic_stringIcSt11char_traitsIcESaIcEEES7_EE7_M_addrEv
FNDA:0,_ZN9__gnu_cxx16__aligned_membufISt4pairIKNSt7__cxx1112basic_stringIcSt11char_traitsIcESaIcEEES7_EE6_M_ptrEv
FNF:2
FNH:0
DA:62,0
DA:63,0
DA:70,0
DA:71,0
LF:4
LH:0
end_of_record
SF:/usr/include/c++/5/ext/new_allocator.h
FN:79,_ZN9__gnu_cxx13new_allocatorISt13_Rb_tree_nodeISt4pairIKNSt7__cxx1112basic_stringIcSt11char_traitsIcESaIcEEES8_EEEC2Ev
FN:86,_ZN9__gnu_cxx13new_allocatorISt13_Rb_tree_nodeISt4pairIKNSt7__cxx1112basic_stringIcSt11char_traitsIcESaIcEEES8_EEED2Ev
FN:109,_ZN9__gnu_cxx13new_allocatorISt13_Rb_tree_nodeISt4pairIKNSt7__cxx1112basic_stringIcSt11char_traitsIcESaIcEEES8_EEE10deallocateEPSB_m
FN:124,_ZN9__gnu_cxx13new_allocatorISt13_Rb_tree_nodeISt4pairIKNSt7__cxx1112basic_stringIcSt11char_traitsIcESaIcEEES8_EEE7destroyISA_EEvPT_
FNDA:0,_ZN9__gnu_cxx13new_allocatorISt13_Rb_tree_nodeISt4pairIKNSt7__cxx1112basic_stringIcSt11char_traitsIcESaIcEEES8_EEEC2Ev
FNDA:0,_ZN9__gnu_cxx13new_allocatorISt13_Rb_tree_nodeISt4pairIKNSt7__cxx1112basic_stringIcSt11char_traitsIcESaIcEEES8_EEED2Ev
FNDA:0,_ZN9__gnu_cxx13new_allocatorISt13_Rb_tree_nodeISt4pairIKNSt7__cxx1112basic_stringIcSt11char_traitsIcESaIcEEES8_EEE10deallocateEPSB_m
FNDA:0,_ZN9__gnu_cxx13new_allocatorISt13_Rb_tree_nodeISt4pairIKNSt7__cxx1112basic_stringIcSt11char_traitsIcESaIcEEES8_EEE7destroyISA_EEvPT_
FNF:4
FNH:0
DA:79,0
DA:86,0
DA:109,0
DA:110,0
DA:124,0
LF:5
LH:0
end_of_record
SF:/usr/include/c++/5/iostream
DA:74,1
LF:1
LH:1
end_of_record
SF:/usr/include/c++/5/new
FN:129,_ZnwmPv
FNDA:0,_ZnwmPv
FNF:1
FNH:0
DA:129,0
DA:130,0
LF:2
LH:0
end_of_record
SF:/usr/include/c++/5/typeinfo
FN:99,_ZNKSt9type_info4nameEv
FN:120,_ZNKSt9type_infoeqERKS_
FNDA:0,_ZNKSt9type_info4nameEv
FNDA:0,_ZNKSt9type_infoeqERKS_
FNF:2
FNH:0
DA:99,0
DA:100,0
DA:120,0
DA:122,0
DA:123,0
DA:124,0
LF:6
LH:0
end_of_record
TN:
SF:/home/zach/catkin_ws/src/final_map_mobile/src/LaneDetect.cpp
FN:59,_ZN10LaneDetectC2Ev
FN:70,_ZN10LaneDetectD2Ev
FN:81,_ZN10LaneDetect13imageCallbackERKN5boost10shared_ptrIKN11sensor_msgs6Image_ISaIvEEEEE
FN:99,_ZN10LaneDetect13proccessImageEN2cv3MatE
FN:214,_ZN10LaneDetect11getLaneDataEv
FN:217,_GLOBAL__sub_I__ZN10LaneDetectC2Ev
FNDA:2,_ZN10LaneDetectC2Ev
FNDA:2,_ZN10LaneDetectD2Ev
FNDA:1,_ZN10LaneDetect13imageCallbackERKN5boost10shared_ptrIKN11sensor_msgs6Image_ISaIvEEEEE
FNDA:8,_ZN10LaneDetect13proccessImageEN2cv3MatE
FNDA:1,_ZN10LaneDetect11getLaneDataEv
FNDA:1,_GLOBAL__sub_I__ZN10LaneDetectC2Ev
FNDA:1,_Z41__static_initialization_and_destruction_0ii
FNF:7
FNH:7
DA:59,2
DA:60,2
DA:61,2
DA:70,4
DA:71,2
DA:72,2
DA:81,1
DA:82,2
DA:85,1
DA:86,1
DA:87,1
DA:89,0
DA:90,0
DA:93,2
DA:94,1
DA:95,1
DA:96,1
DA:97,1
DA:99,8
DA:100,16
DA:102,8
DA:103,8
DA:104,16
DA:105,8
DA:109,16
DA:110,8
DA:111,8
DA:112,8
DA:113,8
DA:114,16
DA:116,8
DA:117,16
DA:119,8
DA:120,8
DA:121,8
DA:122,8
DA:123,8
DA:124,8
DA:125,8
DA:127,191
DA:128,183
DA:129,183
DA:130,183
DA:131,126
DA:132,126
DA:133,126
DA:135,57
DA:136,57
DA:137,57
DA:140,8
DA:141,8
DA:142,8
DA:143,8
DA:145,8
DA:146,8
DA:147,8
DA:148,8
DA:149,8
DA:150,8
DA:151,8
DA:152,8
DA:153,8
DA:154,8
DA:156,8
DA:157,8
DA:158,8
DA:159,8
DA:160,8
DA:161,8
DA:162,8
DA:163,8
DA:164,8
DA:166,8
DA:167,8
DA:168,8
DA:169,8
DA:170,8
DA:171,8
DA:172,8
DA:173,8
DA:174,8
DA:175,5
DA:176,5
DA:177,5
DA:179,3
DA:181,8
DA:182,8
DA:184,8
DA:185,8
DA:186,8
DA:187,8
DA:188,8
DA:190,8
DA:191,1
DA:192,7
DA:193,6
DA:194,1
DA:195,6
DA:196,1
DA:197,1
DA:199,5
DA:200,8
DA:201,1
DA:202,7
DA:203,1
DA:204,8
DA:205,8
DA:206,16
DA:214,1
DA:215,1
DA:216,1
DA:217,3
LF:112
LH:110
end_of_record
SF:/opt/ros/kinetic/include/opencv-3.3.1-dev/opencv2/core/cvstd.hpp
FN:571,_ZN2cv6StringC2ERKS0_
FN:596,_ZN2cv6StringC2EPKc
FN:646,_ZN2cv6StringD2Ev
FN:652,_ZN2cv6StringaSERKS0_
FN:745,_ZNK2cv6String5c_strEv
FNDA:0,_ZN2cv6StringC2ERKS0_
FNDA:0,_ZN2cv6StringC2EPKc
FNDA:0,_ZN2cv6StringD2Ev
FNDA:0,_ZN2cv6StringaSERKS0_
FNDA:0,_ZNK2cv6String5c_strEv
FNF:5
FNH:0
DA:571,0
DA:572,0
DA:574,0
DA:575,0
DA:576,0
DA:596,0
DA:597,0
DA:599,0
DA:600,0
DA:601,0
DA:602,0
DA:646,0
DA:648,0
DA:649,0
DA:652,0
DA:654,0
DA:656,0
DA:657,0
DA:658,0
DA:659,0
DA:660,0
DA:745,0
DA:747,0
LF:23
LH:0
end_of_record
SF:/opt/ros/kinetic/include/opencv-3.3.1-dev/opencv2/core/fast_math.hpp
FN:101,_ZL7cvRoundd
FNDA:64,_ZL7cvRoundd
FNF:1
FNH:1
DA:101,64
DA:105,64
DA:106,64
LF:3
LH:3
end_of_record
SF:/opt/ros/kinetic/include/opencv-3.3.1-dev/opencv2/core/mat.hpp
FN:281,_ZN2cv12_OutputArrayD2Ev
FN:366,_ZN2cv17_InputOutputArrayD2Ev
FNDA:84,_ZN2cv12_OutputArrayD2Ev
FNDA:38,_ZN2cv17_InputOutputArrayD2Ev
FNF:2
FNH:2
DA:281,84
DA:366,38
LF:2
LH:2
end_of_record
SF:/opt/ros/kinetic/include/opencv-3.3.1-dev/opencv2/core/mat.inl.hpp
FN:66,_ZN2cv11_InputArray4initEiPKv
FN:69,_ZN2cv11_InputArray4initEiPKvNS_5Size_IiEE
FN:76,_ZN2cv11_InputArrayC2Ev
FN:78,_ZN2cv11_InputArrayC2ERKNS_3MatE
FN:114,_ZN2cv11_InputArrayC2IdLi4ELi1EEERKNS_4MatxIT_XT0_EXT1_EEE
FN:143,_ZN2cv11_InputArrayD2Ev
FN:164,_ZN2cv12_OutputArrayC2Ev
FN:166,_ZN2cv12_OutputArrayC2ERNS_3MatE
FN:172,_ZN2cv12_OutputArrayC2INS_3VecIfLi2EEEEERSt6vectorIT_SaIS5_EE
FN:285,_ZN2cv17_InputOutputArrayC2ERNS_3MatE
FN:402,_ZN2cv3MatC2Ev
FN:476,_ZN2cv3MatC2ERKS0_
FN:688,_ZN2cv3MatD2Ev
FN:696,_ZN2cv3MataSERKS0_
FN:801,_ZN2cv3Mat7releaseEv
FN:1401,_ZN2cv7MatSizeC2EPi
FN:1462,_ZN2cv7MatStepC2Em
FN:1468,_ZNK2cv7MatStepixEi
FN:1474,_ZN2cv7MatStepixEi
FNDA:0,_ZN2cv11_InputArray4initEiPKv
FNDA:16,_ZN2cv11_InputArray4initEiPKvNS_5Size_IiEE
FNDA:84,_ZN2cv11_InputArrayC2Ev
FNDA:0,_ZN2cv11_InputArrayC2ERKNS_3MatE
FNDA:16,_ZN2cv11_InputArrayC2IdLi4ELi1EEERKNS_4MatxIT_XT0_EXT1_EEE
FNDA:0,_ZN2cv11_InputArrayD2Ev
FNDA:38,_ZN2cv12_OutputArrayC2Ev
FNDA:38,_ZN2cv12_OutputArrayC2ERNS_3MatE
FNDA:8,_ZN2cv12_OutputArrayC2INS_3VecIfLi2EEEEERSt6vectorIT_SaIS5_EE
FNDA:38,_ZN2cv17_InputOutputArrayC2ERNS_3MatE
FNDA:61,_ZN2cv3MatC2Ev
FNDA:0,_ZN2cv3MatC2ERKS0_
FNDA:0,_ZN2cv3MatD2Ev
FNDA:207,_ZN2cv3MataSERKS0_
FNDA:0,_ZN2cv3Mat7releaseEv
FNDA:0,_ZN2cv7MatSizeC2EPi
FNDA:0,_ZN2cv7MatStepC2Em
FNDA:0,_ZNK2cv7MatStepixEi
FNDA:0,_ZN2cv7MatStepixEi
FNF:19
FNH:9
DA:66,0
DA:67,0
DA:69,16
DA:70,16
DA:76,84
DA:78,0
DA:114,16
DA:115,16
DA:143,0
DA:164,38
DA:166,38
DA:172,8
DA:173,8
DA:285,38
DA:402,61
DA:404,61
DA:405,61
DA:476,0
DA:477,0
DA:478,0
DA:479,0
DA:481,0
DA:482,0
DA:483,0
DA:485,0
DA:489,0
DA:490,0
DA:492,0
DA:688,0
DA:690,0
DA:691,0
DA:692,0
DA:693,0
DA:696,207
DA:698,207
DA:700,207
DA:701,204
DA:702,207
DA:703,206
DA:704,206
DA:706,206
DA:707,206
DA:708,206
DA:709,206
DA:710,207
DA:713,0
DA:714,211
DA:715,211
DA:716,211
DA:717,211
DA:718,211
DA:719,211
DA:721,211
DA:801,0
DA:803,0
DA:804,0
DA:805,0
DA:806,0
DA:807,0
DA:808,0
DA:819,0
DA:1401,0
DA:1402,0
DA:1462,0
DA:1464,0
DA:1465,0
DA:1468,0
DA:1470,0
DA:1474,0
DA:1476,0
LF:70
LH:32
end_of_record
SF:/opt/ros/kinetic/include/opencv-3.3.1-dev/opencv2/core/matx.hpp
FN:537,_ZN2cv4MatxIdLi4ELi1EEC2Ev
FN:972,_ZN2cv3VecIdLi4EEC2Ev
FN:1123,_ZN2cv3VecIfLi2EEixEi
FNDA:54,_ZN2cv4MatxIdLi4ELi1EEC2Ev
FNDA:54,_ZN2cv3VecIdLi4EEC2Ev
FNDA:366,_ZN2cv3VecIfLi2EEixEi
FNF:3
FNH:3
DA:537,54
DA:539,54
DA:540,54
DA:972,54
DA:1123,366
DA:1126,366
LF:6
LH:6
end_of_record
SF:/opt/ros/kinetic/include/opencv-3.3.1-dev/opencv2/core/types.hpp
FN:1149,_ZN2cv6Point_IiEC2Ev
FN:1157,_ZN2cv6Point_IiEC2ERKS1_
FN:1642,_ZN2cv5Size_IiEC2Ev
FN:1646,_ZN2cv5Size_IiEC2Eii
FN:1650,_ZN2cv5Size_IiEC2ERKS1_
FN:1664,_ZN2cv5Size_IiEaSERKS1_
FN:2078,_ZN2cv7Scalar_IdEC2Edddd
FNDA:64,_ZN2cv6Point_IiEC2Ev
FNDA:67,_ZN2cv6Point_IiEC2ERKS1_
FNDA:0,_ZN2cv5Size_IiEC2Ev
FNDA:22,_ZN2cv5Size_IiEC2Eii
FNDA:8,_ZN2cv5Size_IiEC2ERKS1_
FNDA:16,_ZN2cv5Size_IiEaSERKS1_
FNDA:51,_ZN2cv7Scalar_IdEC2Edddd
FNF:7
FNH:6
DA:1149,64
DA:1150,64
DA:1157,67
DA:1158,67
DA:1642,0
DA:1643,0
DA:1646,22
DA:1647,22
DA:1650,8
DA:1651,8
DA:1664,16
DA:1666,16
DA:1667,16
DA:2078,51
DA:2080,51
DA:2081,51
DA:2082,51
DA:2083,51
DA:2084,51
LF:19
LH:17
end_of_record
SF:/opt/ros/kinetic/include/opencv-3.3.1-dev/opencv2/flann/any.h
FN:34,_ZN7cvflann7anyimpllsERSoRKNS0_9empty_anyE
FN:51,_ZN7cvflann7anyimpl15base_any_policyD0Ev
FN:51,_ZN7cvflann7anyimpl15base_any_policyD2Ev
FN:55,_ZN7cvflann7anyimpl21typed_base_any_policyIPKcED2Ev
FN:55,_ZN7cvflann7anyimpl21typed_base_any_policyINS_20flann_centers_init_tEED2Ev
FN:55,_ZN7cvflann7anyimpl21typed_base_any_policyIbED2Ev
FN:55,_ZN7cvflann7anyimpl21typed_base_any_policyINS0_9empty_anyEED0Ev
FN:55,_ZN7cvflann7anyimpl21typed_base_any_policyIiED0Ev
FN:55,_ZN7cvflann7anyimpl21typed_base_any_policyIbED0Ev
FN:55,_ZN7cvflann7anyimpl21typed_base_any_policyIiED2Ev
FN:55,_ZN7cvflann7anyimpl21typed_base_any_policyIfED2Ev
FN:55,_ZN7cvflann7anyimpl21typed_base_any_policyIN2cv6StringEED0Ev
FN:55,_ZN7cvflann7anyimpl21typed_base_any_policyINS_17flann_algorithm_tEED0Ev
FN:55,_ZN7cvflann7anyimpl21typed_base_any_policyINS_17flann_algorithm_tEED2Ev
FN:55,_ZN7cvflann7anyimpl21typed_base_any_policyIPKcED0Ev
FN:55,_ZN7cvflann7anyimpl21typed_base_any_policyIjED0Ev
FN:55,_ZN7cvflann7anyimpl21typed_base_any_policyIjED2Ev
FN:55,_ZN7cvflann7anyimpl21typed_base_any_policyINS_20flann_centers_init_tEED0Ev
FN:55,_ZN7cvflann7anyimpl21typed_base_any_policyIN2cv6StringEED2Ev
FN:55,_ZN7cvflann7anyimpl21typed_base_any_policyIfED0Ev
FN:55,_ZN7cvflann7anyimpl21typed_base_any_policyINS0_9empty_anyEED2Ev
FN:57,_ZN7cvflann7anyimpl21typed_base_any_policyINS_20flann_centers_init_tEE8get_sizeEv
FN:57,_ZN7cvflann7anyimpl21typed_base_any_policyIfE8get_sizeEv
FN:57,_ZN7cvflann7anyimpl21typed_base_any_policyIPKcE8get_sizeEv
FN:57,_ZN7cvflann7anyimpl21typed_base_any_policyIN2cv6StringEE8get_sizeEv
FN:57,_ZN7cvflann7anyimpl21typed_base_any_policyINS0_9empty_anyEE8get_sizeEv
FN:57,_ZN7cvflann7anyimpl21typed_base_any_policyIjE8get_sizeEv
FN:57,_ZN7cvflann7anyimpl21typed_base_any_policyIiE8get_sizeEv
FN:57,_ZN7cvflann7anyimpl21typed_base_any_policyINS_17flann_algorithm_tEE8get_sizeEv
FN:57,_ZN7cvflann7anyimpl21typed_base_any_policyIbE8get_sizeEv
FN:58,_ZN7cvflann7anyimpl21typed_base_any_policyIN2cv6StringEE4typeEv
FN:58,_ZN7cvflann7anyimpl21typed_base_any_policyIbE4typeEv
FN:58,_ZN7cvflann7anyimpl21typed_base_any_policyIiE4typeEv
FN:58,_ZN7cvflann7anyimpl21typed_base_any_policyINS0_9empty_anyEE4typeEv
FN:58,_ZN7cvflann7anyimpl21typed_base_any_policyIfE4typeEv
FN:58,_ZN7cvflann7anyimpl21typed_base_any_policyINS_17flann_algorithm_tEE4typeEv
FN:58,_ZN7cvflann7anyimpl21typed_base_any_policyIjE4typeEv
FN:58,_ZN7cvflann7anyimpl21typed_base_any_policyIPKcE4typeEv
FN:58,_ZN7cvflann7anyimpl21typed_base_any_policyINS_20flann_centers_init_tEE4typeEv
FN:63,_ZN7cvflann7anyimpl16small_any_policyIiED2Ev
FN:63,_ZN7cvflann7anyimpl16small_any_policyIiED0Ev
FN:63,_ZN7cvflann7anyimpl16small_any_policyIbED0Ev
FN:63,_ZN7cvflann7anyimpl16small_any_policyIjED2Ev
FN:63,_ZN7cvflann7anyimpl16small_any_policyIfED0Ev
FN:63,_ZN7cvflann7anyimpl16small_any_policyIfED2Ev
FN:63,_ZN7cvflann7anyimpl16small_any_policyIPKcED2Ev
FN:63,_ZN7cvflann7anyimpl16small_any_policyIPKcED0Ev
FN:63,_ZN7cvflann7anyimpl16small_any_policyIjED0Ev
FN:63,_ZN7cvflann7anyimpl16small_any_policyIbED2Ev
FN:65,_ZN7cvflann7anyimpl16small_any_policyIbE13static_deleteEPPv
FN:65,_ZN7cvflann7anyimpl16small_any_policyIPKcE13static_deleteEPPv
FN:65,_ZN7cvflann7anyimpl16small_any_policyIiE13static_deleteEPPv
FN:65,_ZN7cvflann7anyimpl16small_any_policyIfE13static_deleteEPPv
FN:65,_ZN7cvflann7anyimpl16small_any_policyIjE13static_deleteEPPv
FN:66,_ZN7cvflann7anyimpl16small_any_policyIjE15copy_from_valueEPKvPPv
FN:66,_ZN7cvflann7anyimpl16small_any_policyIbE15copy_from_valueEPKvPPv
FN:66,_ZN7cvflann7anyimpl16small_any_policyIfE15copy_from_valueEPKvPPv
FN:66,_ZN7cvflann7anyimpl16small_any_policyIiE15copy_from_valueEPKvPPv
FN:66,_ZN7cvflann7anyimpl16small_any_policyIPKcE15copy_from_valueEPKvPPv
FN:70,_ZN7cvflann7anyimpl16small_any_policyIjE5cloneEPKPvPS3_
FN:70,_ZN7cvflann7anyimpl16small_any_policyIfE5cloneEPKPvPS3_
FN:70,_ZN7cvflann7anyimpl16small_any_policyIPKcE5cloneEPKPvPS5_
FN:70,_ZN7cvflann7anyimpl16small_any_policyIbE5cloneEPKPvPS3_
FN:70,_ZN7cvflann7anyimpl16small_any_policyIiE5cloneEPKPvPS3_
FN:71,_ZN7cvflann7anyimpl16small_any_policyIbE4moveEPKPvPS3_
FN:71,_ZN7cvflann7anyimpl16small_any_policyIjE4moveEPKPvPS3_
FN:71,_ZN7cvflann7anyimpl16small_any_policyIPKcE4moveEPKPvPS5_
FN:71,_ZN7cvflann7anyimpl16small_any_policyIfE4moveEPKPvPS3_
FN:71,_ZN7cvflann7anyimpl16small_any_policyIiE4moveEPKPvPS3_
FN:72,_ZN7cvflann7anyimpl16small_any_policyIfE9get_valueEPPv
FN:72,_ZN7cvflann7anyimpl16small_any_policyIbE9get_valueEPPv
FN:72,_ZN7cvflann7anyimpl16small_any_policyIPKcE9get_valueEPPv
FN:72,_ZN7cvflann7anyimpl16small_any_policyIjE9get_valueEPPv
FN:72,_ZN7cvflann7anyimpl16small_any_policyIiE9get_valueEPPv
FN:73,_ZN7cvflann7anyimpl16small_any_policyIfE9get_valueEPKPv
FN:73,_ZN7cvflann7anyimpl16small_any_policyIiE9get_valueEPKPv
FN:73,_ZN7cvflann7anyimpl16small_any_policyIPKcE9get_valueEPKPv
FN:73,_ZN7cvflann7anyimpl16small_any_policyIbE9get_valueEPKPv
FN:73,_ZN7cvflann7anyimpl16small_any_policyIjE9get_valueEPKPv
FN:74,_ZN7cvflann7anyimpl16small_any_policyIPKcE5printERSoPKPv
FN:74,_ZN7cvflann7anyimpl16small_any_policyIbE5printERSoPKPv
FN:74,_ZN7cvflann7anyimpl16small_any_policyIfE5printERSoPKPv
FN:74,_ZN7cvflann7anyimpl16small_any_policyIiE5printERSoPKPv
FN:74,_ZN7cvflann7anyimpl16small_any_policyIjE5printERSoPKPv
FN:78,_ZN7cvflann7anyimpl14big_any_policyINS_17flann_algorithm_tEED2Ev
FN:78,_ZN7cvflann7anyimpl14big_any_policyINS_17flann_algorithm_tEED0Ev
FN:78,_ZN7cvflann7anyimpl14big_any_policyINS0_9empty_anyEED2Ev
FN:78,_ZN7cvflann7anyimpl14big_any_policyIN2cv6StringEED2Ev
FN:78,_ZN7cvflann7anyimpl14big_any_policyINS_20flann_centers_init_tEED2Ev
FN:78,_ZN7cvflann7anyimpl14big_any_policyINS_20flann_centers_init_tEED0Ev
FN:78,_ZN7cvflann7anyimpl14big_any_policyIN2cv6StringEED0Ev
FN:78,_ZN7cvflann7anyimpl14big_any_policyINS0_9empty_anyEED0Ev
FN:80,_ZN7cvflann7anyimpl14big_any_policyINS0_9empty_anyEE13static_deleteEPPv
FN:80,_ZN7cvflann7anyimpl14big_any_policyINS_17flann_algorithm_tEE13static_deleteEPPv
FN:80,_ZN7cvflann7anyimpl14big_any_policyINS_20flann_centers_init_tEE13static_deleteEPPv
FN:80,_ZN7cvflann7anyimpl14big_any_policyIN2cv6StringEE13static_deleteEPPv
FN:85,_ZN7cvflann7anyimpl14big_any_policyINS0_9empty_anyEE15copy_from_valueEPKvPPv
FN:85,_ZN7cvflann7anyimpl14big_any_policyIN2cv6StringEE15copy_from_valueEPKvPPv
FN:85,_ZN7cvflann7anyimpl14big_any_policyINS_17flann_algorithm_tEE15copy_from_valueEPKvPPv
FN:85,_ZN7cvflann7anyimpl14big_any_policyINS_20flann_centers_init_tEE15copy_from_valueEPKvPPv
FN:89,_ZN7cvflann7anyimpl14big_any_policyINS_20flann_centers_init_tEE5cloneEPKPvPS4_
FN:89,_ZN7cvflann7anyimpl14big_any_policyINS_17flann_algorithm_tEE5cloneEPKPvPS4_
FN:89,_ZN7cvflann7anyimpl14big_any_policyIN2cv6StringEE5cloneEPKPvPS5_
FN:89,_ZN7cvflann7anyimpl14big_any_policyINS0_9empty_anyEE5cloneEPKPvPS4_
FN:93,_ZN7cvflann7anyimpl14big_any_policyINS0_9empty_anyEE4moveEPKPvPS4_
FN:93,_ZN7cvflann7anyimpl14big_any_policyINS_17flann_algorithm_tEE4moveEPKPvPS4_
FN:93,_ZN7cvflann7anyimpl14big_any_policyIN2cv6StringEE4moveEPKPvPS5_
FN:93,_ZN7cvflann7anyimpl14big_any_policyINS_20flann_centers_init_tEE4moveEPKPvPS4_
FN:98,_ZN7cvflann7anyimpl14big_any_policyINS_17flann_algorithm_tEE9get_valueEPPv
FN:98,_ZN7cvflann7anyimpl14big_any_policyINS0_9empty_anyEE9get_valueEPPv
FN:98,_ZN7cvflann7anyimpl14big_any_policyIN2cv6StringEE9get_valueEPPv
FN:98,_ZN7cvflann7anyimpl14big_any_policyINS_20flann_centers_init_tEE9get_valueEPPv
FN:99,_ZN7cvflann7anyimpl14big_any_policyINS_17flann_algorithm_tEE9get_valueEPKPv
FN:99,_ZN7cvflann7anyimpl14big_any_policyINS_20flann_centers_init_tEE9get_valueEPKPv
FN:99,_ZN7cvflann7anyimpl14big_any_policyINS0_9empty_anyEE9get_valueEPKPv
FN:99,_ZN7cvflann7anyimpl14big_any_policyIN2cv6StringEE9get_valueEPKPv
FN:100,_ZN7cvflann7anyimpl14big_any_policyINS0_9empty_anyEE5printERSoPKPv
FN:103,_ZN7cvflann7anyimpl14big_any_policyINS_20flann_centers_init_tEE5printERSoPKPv
FN:108,_ZN7cvflann7anyimpl14big_any_policyINS_17flann_algorithm_tEE5printERSoPKPv
FN:113,_ZN7cvflann7anyimpl14big_any_policyIN2cv6StringEE5printERSoPKPv
FNDA:0,_ZN7cvflann7anyimpllsERSoRKNS0_9empty_anyE
FNDA:0,_ZN7cvflann7anyimpl15base_any_policyD0Ev
FNDA:0,_ZN7cvflann7anyimpl15base_any_policyD2Ev
FNDA:0,_ZN7cvflann7anyimpl21typed_base_any_policyIN2cv6StringEED0Ev
FNDA:0,_ZN7cvflann7anyimpl21typed_base_any_policyIN2cv6StringEED2Ev
FNDA:0,_ZN7cvflann7anyimpl21typed_base_any_policyIjED0Ev
FNDA:0,_ZN7cvflann7anyimpl21typed_base_any_policyIjED2Ev
FNDA:0,_ZN7cvflann7anyimpl21typed_base_any_policyINS_20flann_centers_init_tEED0Ev
FNDA:0,_ZN7cvflann7anyimpl21typed_base_any_policyINS_20flann_centers_init_tEED2Ev
FNDA:0,_ZN7cvflann7anyimpl21typed_base_any_policyINS_17flann_algorithm_tEED0Ev
FNDA:0,_ZN7cvflann7anyimpl21typed_base_any_policyINS_17flann_algorithm_tEED2Ev
FNDA:0,_ZN7cvflann7anyimpl21typed_base_any_policyIbED0Ev
FNDA:0,_ZN7cvflann7anyimpl21typed_base_any_policyIbED2Ev
FNDA:0,_ZN7cvflann7anyimpl21typed_base_any_policyIfED0Ev
FNDA:0,_ZN7cvflann7anyimpl21typed_base_any_policyIfED2Ev
FNDA:0,_ZN7cvflann7anyimpl21typed_base_any_policyIiED0Ev
FNDA:0,_ZN7cvflann7anyimpl21typed_base_any_policyIiED2Ev
FNDA:0,_ZN7cvflann7anyimpl21typed_base_any_policyIPKcED0Ev
FNDA:0,_ZN7cvflann7anyimpl21typed_base_any_policyIPKcED2Ev
FNDA:0,_ZN7cvflann7anyimpl21typed_base_any_policyINS0_9empty_anyEED0Ev
FNDA:0,_ZN7cvflann7anyimpl21typed_base_any_policyINS0_9empty_anyEED2Ev
FNDA:0,_ZN7cvflann7anyimpl21typed_base_any_policyINS_20flann_centers_init_tEE8get_sizeEv
FNDA:0,_ZN7cvflann7anyimpl21typed_base_any_policyINS_17flann_algorithm_tEE8get_sizeEv
FNDA:0,_ZN7cvflann7anyimpl21typed_base_any_policyIN2cv6StringEE8get_sizeEv
FNDA:0,_ZN7cvflann7anyimpl21typed_base_any_policyINS0_9empty_anyEE8get_sizeEv
FNDA:0,_ZN7cvflann7anyimpl21typed_base_any_policyIPKcE8get_sizeEv
FNDA:0,_ZN7cvflann7anyimpl21typed_base_any_policyIiE8get_sizeEv
FNDA:0,_ZN7cvflann7anyimpl21typed_base_any_policyIfE8get_sizeEv
FNDA:0,_ZN7cvflann7anyimpl21typed_base_any_policyIbE8get_sizeEv
FNDA:0,_ZN7cvflann7anyimpl21typed_base_any_policyIjE8get_sizeEv
FNDA:0,_ZN7cvflann7anyimpl21typed_base_any_policyINS_20flann_centers_init_tEE4typeEv
FNDA:0,_ZN7cvflann7anyimpl21typed_base_any_policyINS_17flann_algorithm_tEE4typeEv
FNDA:0,_ZN7cvflann7anyimpl21typed_base_any_policyIN2cv6StringEE4typeEv
FNDA:0,_ZN7cvflann7anyimpl21typed_base_any_policyINS0_9empty_anyEE4typeEv
FNDA:0,_ZN7cvflann7anyimpl21typed_base_any_policyIPKcE4typeEv
FNDA:0,_ZN7cvflann7anyimpl21typed_base_any_policyIiE4typeEv
FNDA:0,_ZN7cvflann7anyimpl21typed_base_any_policyIfE4typeEv
FNDA:0,_ZN7cvflann7anyimpl21typed_base_any_policyIbE4typeEv
FNDA:0,_ZN7cvflann7anyimpl21typed_base_any_policyIjE4typeEv
FNDA:0,_ZN7cvflann7anyimpl16small_any_policyIjED0Ev
FNDA:0,_ZN7cvflann7anyimpl16small_any_policyIjED2Ev
FNDA:0,_ZN7cvflann7anyimpl16small_any_policyIbED0Ev
FNDA:0,_ZN7cvflann7anyimpl16small_any_policyIbED2Ev
FNDA:0,_ZN7cvflann7anyimpl16small_any_policyIfED0Ev
FNDA:0,_ZN7cvflann7anyimpl16small_any_policyIfED2Ev
FNDA:0,_ZN7cvflann7anyimpl16small_any_policyIiED0Ev
FNDA:0,_ZN7cvflann7anyimpl16small_any_policyIiED2Ev
FNDA:0,_ZN7cvflann7anyimpl16small_any_policyIPKcED0Ev
FNDA:0,_ZN7cvflann7anyimpl16small_any_policyIPKcED2Ev
FNDA:0,_ZN7cvflann7anyimpl16small_any_policyIPKcE13static_deleteEPPv
FNDA:0,_ZN7cvflann7anyimpl16small_any_policyIiE13static_deleteEPPv
FNDA:0,_ZN7cvflann7anyimpl16small_any_policyIfE13static_deleteEPPv
FNDA:0,_ZN7cvflann7anyimpl16small_any_policyIbE13static_deleteEPPv
FNDA:0,_ZN7cvflann7anyimpl16small_any_policyIjE13static_deleteEPPv
FNDA:0,_ZN7cvflann7anyimpl16small_any_policyIPKcE15copy_from_valueEPKvPPv
FNDA:0,_ZN7cvflann7anyimpl16small_any_policyIiE15copy_from_valueEPKvPPv
FNDA:0,_ZN7cvflann7anyimpl16small_any_policyIfE15copy_from_valueEPKvPPv
FNDA:0,_ZN7cvflann7anyimpl16small_any_policyIbE15copy_from_valueEPKvPPv
FNDA:0,_ZN7cvflann7anyimpl16small_any_policyIjE15copy_from_valueEPKvPPv
FNDA:0,_ZN7cvflann7anyimpl16small_any_policyIPKcE5cloneEPKPvPS5_
FNDA:0,_ZN7cvflann7anyimpl16small_any_policyIiE5cloneEPKPvPS3_
FNDA:0,_ZN7cvflann7anyimpl16small_any_policyIfE5cloneEPKPvPS3_
FNDA:0,_ZN7cvflann7anyimpl16small_any_policyIbE5cloneEPKPvPS3_
FNDA:0,_ZN7cvflann7anyimpl16small_any_policyIjE5cloneEPKPvPS3_
FNDA:0,_ZN7cvflann7anyimpl16small_any_policyIPKcE4moveEPKPvPS5_
FNDA:0,_ZN7cvflann7anyimpl16small_any_policyIiE4moveEPKPvPS3_
FNDA:0,_ZN7cvflann7anyimpl16small_any_policyIfE4moveEPKPvPS3_
FNDA:0,_ZN7cvflann7anyimpl16small_any_policyIbE4moveEPKPvPS3_
FNDA:0,_ZN7cvflann7anyimpl16small_any_policyIjE4moveEPKPvPS3_
FNDA:0,_ZN7cvflann7anyimpl16small_any_policyIPKcE9get_valueEPPv
FNDA:0,_ZN7cvflann7anyimpl16small_any_policyIiE9get_valueEPPv
FNDA:0,_ZN7cvflann7anyimpl16small_any_policyIfE9get_valueEPPv
FNDA:0,_ZN7cvflann7anyimpl16small_any_policyIbE9get_valueEPPv
FNDA:0,_ZN7cvflann7anyimpl16small_any_policyIjE9get_valueEPPv
FNDA:0,_ZN7cvflann7anyimpl16small_any_policyIPKcE9get_valueEPKPv
FNDA:0,_ZN7cvflann7anyimpl16small_any_policyIiE9get_valueEPKPv
FNDA:0,_ZN7cvflann7anyimpl16small_any_policyIfE9get_valueEPKPv
FNDA:0,_ZN7cvflann7anyimpl16small_any_policyIbE9get_valueEPKPv
FNDA:0,_ZN7cvflann7anyimpl16small_any_policyIjE9get_valueEPKPv
FNDA:0,_ZN7cvflann7anyimpl16small_any_policyIPKcE5printERSoPKPv
FNDA:0,_ZN7cvflann7anyimpl16small_any_policyIiE5printERSoPKPv
FNDA:0,_ZN7cvflann7anyimpl16small_any_policyIfE5printERSoPKPv
FNDA:0,_ZN7cvflann7anyimpl16small_any_policyIbE5printERSoPKPv
FNDA:0,_ZN7cvflann7anyimpl16small_any_policyIjE5printERSoPKPv
FNDA:0,_ZN7cvflann7anyimpl14big_any_policyIN2cv6StringEED0Ev
FNDA:0,_ZN7cvflann7anyimpl14big_any_policyIN2cv6StringEED2Ev
FNDA:0,_ZN7cvflann7anyimpl14big_any_policyINS_20flann_centers_init_tEED0Ev
FNDA:0,_ZN7cvflann7anyimpl14big_any_policyINS_20flann_centers_init_tEED2Ev
FNDA:0,_ZN7cvflann7anyimpl14big_any_policyINS_17flann_algorithm_tEED0Ev
FNDA:0,_ZN7cvflann7anyimpl14big_any_policyINS_17flann_algorithm_tEED2Ev
FNDA:0,_ZN7cvflann7anyimpl14big_any_policyINS0_9empty_anyEED0Ev
FNDA:0,_ZN7cvflann7anyimpl14big_any_policyINS0_9empty_anyEED2Ev
FNDA:0,_ZN7cvflann7anyimpl14big_any_policyINS_20flann_centers_init_tEE13static_deleteEPPv
FNDA:0,_ZN7cvflann7anyimpl14big_any_policyINS_17flann_algorithm_tEE13static_deleteEPPv
FNDA:0,_ZN7cvflann7anyimpl14big_any_policyIN2cv6StringEE13static_deleteEPPv
FNDA:0,_ZN7cvflann7anyimpl14big_any_policyINS0_9empty_anyEE13static_deleteEPPv
FNDA:0,_ZN7cvflann7anyimpl14big_any_policyINS_20flann_centers_init_tEE15copy_from_valueEPKvPPv
FNDA:0,_ZN7cvflann7anyimpl14big_any_policyINS_17flann_algorithm_tEE15copy_from_valueEPKvPPv
FNDA:0,_ZN7cvflann7anyimpl14big_any_policyIN2cv6StringEE15copy_from_valueEPKvPPv
FNDA:0,_ZN7cvflann7anyimpl14big_any_policyINS0_9empty_anyEE15copy_from_valueEPKvPPv
FNDA:0,_ZN7cvflann7anyimpl14big_any_policyINS_20flann_centers_init_tEE5cloneEPKPvPS4_
FNDA:0,_ZN7cvflann7anyimpl14big_any_policyINS_17flann_algorithm_tEE5cloneEPKPvPS4_
FNDA:0,_ZN7cvflann7anyimpl14big_any_policyIN2cv6StringEE5cloneEPKPvPS5_
FNDA:0,_ZN7cvflann7anyimpl14big_any_policyINS0_9empty_anyEE5cloneEPKPvPS4_
FNDA:0,_ZN7cvflann7anyimpl14big_any_policyINS_20flann_centers_init_tEE4moveEPKPvPS4_
FNDA:0,_ZN7cvflann7anyimpl14big_any_policyINS_17flann_algorithm_tEE4moveEPKPvPS4_
FNDA:0,_ZN7cvflann7anyimpl14big_any_policyIN2cv6StringEE4moveEPKPvPS5_
FNDA:0,_ZN7cvflann7anyimpl14big_any_policyINS0_9empty_anyEE4moveEPKPvPS4_
FNDA:0,_ZN7cvflann7anyimpl14big_any_policyINS_20flann_centers_init_tEE9get_valueEPPv
FNDA:0,_ZN7cvflann7anyimpl14big_any_policyINS_17flann_algorithm_tEE9get_valueEPPv
FNDA:0,_ZN7cvflann7anyimpl14big_any_policyIN2cv6StringEE9get_valueEPPv
FNDA:0,_ZN7cvflann7anyimpl14big_any_policyINS0_9empty_anyEE9get_valueEPPv
FNDA:0,_ZN7cvflann7anyimpl14big_any_policyINS_20flann_centers_init_tEE9get_valueEPKPv
FNDA:0,_ZN7cvflann7anyimpl14big_any_policyINS_17flann_algorithm_tEE9get_valueEPKPv
FNDA:0,_ZN7cvflann7anyimpl14big_any_policyIN2cv6StringEE9get_valueEPKPv
FNDA:0,_ZN7cvflann7anyimpl14big_any_policyINS0_9empty_anyEE9get_valueEPKPv
FNDA:0,_ZN7cvflann7anyimpl14big_any_policyINS0_9empty_anyEE5printERSoPKPv
FNDA:0,_ZN7cvflann7anyimpl14big_any_policyINS_20flann_centers_init_tEE5printERSoPKPv
FNDA:0,_ZN7cvflann7anyimpl14big_any_policyINS_17flann_algorithm_tEE5printERSoPKPv
FNDA:0,_ZN7cvflann7anyimpl14big_any_policyIN2cv6StringEE5printERSoPKPv
FNF:120
FNH:0
DA:34,0
DA:36,0
DA:37,0
DA:51,0
DA:55,0
DA:57,0
DA:58,0
DA:63,0
DA:65,0
DA:66,0
DA:68,0
DA:69,0
DA:70,0
DA:71,0
DA:72,0
DA:73,0
DA:74,0
DA:78,0
DA:80,0
DA:82,0
DA:83,0
DA:84,0
DA:85,0
DA:87,0
DA:88,0
DA:89,0
DA:91,0
DA:92,0
DA:93,0
DA:95,0
DA:96,0
DA:97,0
DA:98,0
DA:99,0
DA:100,0
DA:103,0
DA:105,0
DA:106,0
DA:108,0
DA:110,0
DA:111,0
DA:113,0
DA:115,0
DA:116,0
DA:174,1
LF:45
LH:1
end_of_record
SF:/opt/ros/kinetic/include/ros/advertise_options.h
FN:41,_ZN3ros16AdvertiseOptionsD2Ev
FN:43,_ZN3ros16AdvertiseOptionsC2Ev
FN:84,_ZN3ros16AdvertiseOptions4initIN8std_msgs8Float32_ISaIvEEEEEvRKNSt7__cxx1112basic_stringIcSt11char_traitsIcESaIcEEEjRKN5boost8functionIFvRKNS_25SingleSubscriberPublisherEEEESM_
FNDA:17,_ZN3ros16AdvertiseOptionsD2Ev
FNDA:17,_ZN3ros16AdvertiseOptionsC2Ev
FNDA:5,_ZN3ros16AdvertiseOptions4initIN8std_msgs8Float32_ISaIvEEEEEvRKNSt7__cxx1112basic_stringIcSt11char_traitsIcESaIcEEEjRKN5boost8functionIFvRKNS_25SingleSubscriberPublisherEEEESM_
FNF:3
FNH:3
DA:41,17
DA:43,17
DA:45,17
DA:47,17
DA:84,5
DA:88,5
DA:89,5
DA:90,5
DA:91,5
DA:92,5
DA:93,5
DA:94,5
DA:95,5
DA:96,5
LF:14
LH:14
end_of_record
SF:/opt/ros/kinetic/include/ros/message_traits.h
FN:226,_ZN3ros14message_traits6md5sumIN8std_msgs8Float32_ISaIvEEEEEPKcv
FN:235,_ZN3ros14message_traits8datatypeIN8std_msgs8Float32_ISaIvEEEEEPKcv
FN:244,_ZN3ros14message_traits10definitionIN8std_msgs8Float32_ISaIvEEEEEPKcv
FN:253,_ZN3ros14message_traits6md5sumIN8std_msgs8Float32_ISaIvEEEEEPKcRKT_
FN:262,_ZN3ros14message_traits8datatypeIN8std_msgs8Float32_ISaIvEEEEEPKcRKT_
FN:352,_ZN3ros14message_traits9hasHeaderIN8std_msgs8Float32_ISaIvEEEEEbv
FNDA:8,_ZN3ros14message_traits6md5sumIN8std_msgs8Float32_ISaIvEEEEEPKcv
FNDA:8,_ZN3ros14message_traits8datatypeIN8std_msgs8Float32_ISaIvEEEEEPKcv
FNDA:5,_ZN3ros14message_traits10definitionIN8std_msgs8Float32_ISaIvEEEEEPKcv
FNDA:22,_ZN3ros14message_traits6md5sumIN8std_msgs8Float32_ISaIvEEEEEPKcRKT_
FNDA:0,_ZN3ros14message_traits8datatypeIN8std_msgs8Float32_ISaIvEEEEEPKcRKT_
FNDA:8,_ZN3ros14message_traits9hasHeaderIN8std_msgs8Float32_ISaIvEEEEEbv
FNF:6
FNH:5
DA:226,8
DA:228,8
DA:235,8
DA:237,8
DA:244,5
DA:246,5
DA:253,22
DA:255,22
DA:262,0
DA:264,0
DA:352,8
DA:354,8
LF:12
LH:10
end_of_record
SF:/opt/ros/kinetic/include/ros/node_handle.h
FN:249,_ZN3ros10NodeHandle9advertiseIN8std_msgs8Float32_ISaIvEEEEENS_9PublisherERKNSt7__cxx1112basic_stringIcSt11char_traitsIcESaIcEEEjb
FNDA:5,_ZN3ros10NodeHandle9advertiseIN8std_msgs8Float32_ISaIvEEEEENS_9PublisherERKNSt7__cxx1112basic_stringIcSt11char_traitsIcESaIcEEEjb
FNF:1
FNH:1
DA:249,5
DA:251,10
DA:252,5
DA:253,5
DA:254,10
LF:5
LH:5
end_of_record
SF:/opt/ros/kinetic/include/ros/publisher.h
FN:47,_ZN3ros9PublisheraSERKS0_
FN:50,_ZN3ros9PublisherC2Ev
FN:95,_ZNK3ros9Publisher7publishIN8std_msgs8Float32_ISaIvEEEEEvRKT_
FNDA:11,_ZN3ros9PublisheraSERKS0_
FNDA:11,_ZN3ros9PublisherC2Ev
FNDA:11,_ZNK3ros9Publisher7publishIN8std_msgs8Float32_ISaIvEEEEEvRKT_
FNF:3
FNH:3
DA:47,11
DA:50,11
DA:95,11
DA:100,11
DA:102,0
DA:103,0
DA:106,11
DA:108,0
DA:109,0
DA:112,11
DA:117,22
DA:118,11
LF:12
LH:8
end_of_record
SF:/opt/ros/kinetic/include/ros/serialization.h
FN:152,_ZN3ros13serialization9serializeIfNS0_7OStreamEEEvRT0_RKT_
FN:152,_ZN3ros13serialization9serializeIjNS0_7OStreamEEEvRT0_RKT_
FN:152,_ZN3ros13serialization9serializeIN8std_msgs8Float32_ISaIvEEENS0_7OStreamEEEvRT0_RKT_
FN:170,_ZN3ros13serialization19serializationLengthIfEEjRKT_
FN:170,_ZN3ros13serialization19serializationLengthIN8std_msgs8Float32_ISaIvEEEEEjRKT_
FN:198,_ZN3ros13serialization10SerializerIjE5writeINS0_7OStreamEEEvRT_j
FN:202,_ZN3ros13serialization10SerializerIfE16serializedLengthERKf
FN:202,_ZN3ros13serialization10SerializerIfE5writeINS0_7OStreamEEEvRT_f
FN:667,_ZN3ros13serialization6Stream7getDataEv
FN:692,_ZN3ros13serialization6StreamC2EPhj
FN:737,_ZN3ros13serialization7OStreamC2EPhj
FN:769,_ZN3ros13serialization7LStreamC2Ev
FN:795,_ZN3ros13serialization7LStream9getLengthEv
FN:805,_ZN3ros13serialization16serializeMessageIN8std_msgs8Float32_ISaIvEEEEENS_17SerializedMessageERKT_
FNDA:3,_ZN3ros13serialization9serializeIfNS0_7OStreamEEEvRT0_RKT_
FNDA:3,_ZN3ros13serialization9serializeIN8std_msgs8Float32_ISaIvEEENS0_7OStreamEEEvRT0_RKT_
FNDA:6,_ZN3ros13serialization9serializeIjNS0_7OStreamEEEvRT0_RKT_
FNDA:3,_ZN3ros13serialization19serializationLengthIfEEjRKT_
FNDA:3,_ZN3ros13serialization19serializationLengthIN8std_msgs8Float32_ISaIvEEEEEjRKT_
FNDA:6,_ZN3ros13serialization10SerializerIjE5writeINS0_7OStreamEEEvRT_j
FNDA:3,_ZN3ros13serialization10SerializerIfE5writeINS0_7OStreamEEEvRT_f
FNDA:3,_ZN3ros13serialization10SerializerIfE16serializedLengthERKf
FNDA:6,_ZN3ros13serialization6Stream7getDataEv
FNDA:12,_ZN3ros13serialization6StreamC2EPhj
FNDA:6,_ZN3ros13serialization7OStreamC2EPhj
FNDA:6,_ZN3ros13serialization7LStreamC2Ev
FNDA:6,_ZN3ros13serialization7LStream9getLengthEv
FNDA:3,_ZN3ros13serialization16serializeMessageIN8std_msgs8Float32_ISaIvEEEEENS_17SerializedMessageERKT_
FNF:14
FNH:14
DA:152,12
DA:154,12
DA:155,12
DA:170,6
DA:172,6
DA:198,12
DA:202,9
DA:667,6
DA:675,9
DA:676,9
DA:677,9
DA:681,0
DA:683,9
DA:692,12
DA:694,12
DA:695,12
DA:737,6
DA:738,6
DA:739,6
DA:747,3
DA:769,6
DA:770,6
DA:771,6
DA:779,3
DA:795,6
DA:805,3
DA:807,3
DA:808,3
DA:809,3
DA:810,3
DA:812,3
DA:813,3
DA:814,3
DA:815,3
DA:817,3
LF:35
LH:34
end_of_record
SF:/opt/ros/kinetic/include/ros/serialized_message.h
FN:39,_ZN3ros17SerializedMessageD2Ev
FN:49,_ZN3ros17SerializedMessageC2Ev
FNDA:6039782,_ZN3ros17SerializedMessageD2Ev
FNDA:6039788,_ZN3ros17SerializedMessageC2Ev
FNF:2
FNH:2
DA:39,6039782
DA:49,6039788
DA:53,6039788
DA:54,6039788
LF:4
LH:4
end_of_record
SF:/opt/ros/kinetic/include/sensor_msgs/image_encodings.h
FN:104,__tcf_0
FNDA:1,__tcf_0
FNF:1
FNH:1
DA:47,1
DA:48,1
DA:49,1
DA:50,1
DA:51,1
DA:52,1
DA:53,1
DA:54,1
DA:55,1
DA:56,1
DA:59,1
DA:60,1
DA:61,1
DA:62,1
DA:63,1
DA:64,1
DA:65,1
DA:66,1
DA:67,1
DA:68,1
DA:69,1
DA:70,1
DA:71,1
DA:72,1
DA:73,1
DA:74,1
DA:75,1
DA:76,1
DA:77,1
DA:78,1
DA:79,1
DA:80,1
DA:81,1
DA:82,1
DA:83,1
DA:84,1
DA:85,1
DA:86,1
DA:89,1
DA:90,1
DA:91,1
DA:92,1
DA:93,1
DA:94,1
DA:95,1
DA:96,1
DA:101,1
DA:104,2
DA:105,1
LF:49
LH:49
end_of_record
SF:/opt/ros/kinetic/include/std_msgs/Float32.h
FN:26,_ZN8std_msgs8Float32_ISaIvEEC2Ev
FN:115,_ZN3ros14message_traits6MD5SumIN8std_msgs8Float32_ISaIvEEEE5valueEv
FN:120,_ZN3ros14message_traits6MD5SumIN8std_msgs8Float32_ISaIvEEEE5valueERKS5_
FN:128,_ZN3ros14message_traits8DataTypeIN8std_msgs8Float32_ISaIvEEEE5valueEv
FN:133,_ZN3ros14message_traits8DataTypeIN8std_msgs8Float32_ISaIvEEEE5valueERKS5_
FN:139,_ZN3ros14message_traits10DefinitionIN8std_msgs8Float32_ISaIvEEEE5valueEv
FN:158,_ZN3ros13serialization10SerializerIN8std_msgs8Float32_ISaIvEEEE8allInOneINS0_7LStreamERKS5_EEvRT_T0_
FN:158,_ZN3ros13serialization10SerializerIN8std_msgs8Float32_ISaIvEEEE8allInOneINS0_7OStreamERKS5_EEvRT_T0_
FN:163,_ZN3ros13serialization10SerializerIN8std_msgs8Float32_ISaIvEEEE16serializedLengthIS5_EEjRKT_
FN:163,_ZN3ros13serialization10SerializerIN8std_msgs8Float32_ISaIvEEEE5writeINS0_7OStreamES5_EEvRT_RKT0_
FNDA:8,_ZN8std_msgs8Float32_ISaIvEEC2Ev
FNDA:30,_ZN3ros14message_traits6MD5SumIN8std_msgs8Float32_ISaIvEEEE5valueEv
FNDA:22,_ZN3ros14message_traits6MD5SumIN8std_msgs8Float32_ISaIvEEEE5valueERKS5_
FNDA:8,_ZN3ros14message_traits8DataTypeIN8std_msgs8Float32_ISaIvEEEE5valueEv
FNDA:0,_ZN3ros14message_traits8DataTypeIN8std_msgs8Float32_ISaIvEEEE5valueERKS5_
FNDA:5,_ZN3ros14message_traits10DefinitionIN8std_msgs8Float32_ISaIvEEEE5valueEv
FNDA:3,_ZN3ros13serialization10SerializerIN8std_msgs8Float32_ISaIvEEEE8allInOneINS0_7OStreamERKS5_EEvRT_T0_
FNDA:3,_ZN3ros13serialization10SerializerIN8std_msgs8Float32_ISaIvEEEE8allInOneINS0_7LStreamERKS5_EEvRT_T0_
FNDA:3,_ZN3ros13serialization10SerializerIN8std_msgs8Float32_ISaIvEEEE5writeINS0_7OStreamES5_EEvRT_RKT0_
FNDA:3,_ZN3ros13serialization10SerializerIN8std_msgs8Float32_ISaIvEEEE16serializedLengthIS5_EEjRKT_
FNF:10
FNH:9
DA:26,8
DA:27,8
DA:28,8
DA:115,30
DA:117,30
DA:120,22
DA:128,8
DA:130,8
DA:133,0
DA:139,5
DA:141,5
DA:158,6
DA:160,6
DA:161,6
DA:163,6
LF:15
LH:14
end_of_record
SF:/usr/include/boost/bind/arg.hpp
FN:31,_ZN5boost3argILi1EEC2Ev
FN:31,_ZN5boost3argILi8EEC2Ev
FN:31,_ZN5boost3argILi4EEC2Ev
FN:31,_ZN5boost3argILi3EEC2Ev
FN:31,_ZN5boost3argILi7EEC2Ev
FN:31,_ZN5boost3argILi2EEC2Ev
FN:31,_ZN5boost3argILi9EEC2Ev
FN:31,_ZN5boost3argILi6EEC2Ev
FN:31,_ZN5boost3argILi5EEC2Ev
FNDA:0,_ZN5boost3argILi9EEC2Ev
FNDA:0,_ZN5boost3argILi8EEC2Ev
FNDA:0,_ZN5boost3argILi7EEC2Ev
FNDA:0,_ZN5boost3argILi6EEC2Ev
FNDA:0,_ZN5boost3argILi5EEC2Ev
FNDA:0,_ZN5boost3argILi4EEC2Ev
FNDA:0,_ZN5boost3argILi3EEC2Ev
FNDA:0,_ZN5boost3argILi2EEC2Ev
FNDA:0,_ZN5boost3argILi1EEC2Ev
FNF:9
FNH:0
DA:31,0
DA:33,0
LF:2
LH:0
end_of_record
SF:/usr/include/boost/bind/bind.hpp
FN:146,_ZN5boost3_bi9unwrapperIPFN3ros17SerializedMessageERKN8std_msgs8Float32_ISaIvEEEEE6unwrapERSB_l
FN:168,_ZN5boost3_bi5list0C2Ev
FN:174,_ZNK5boost3_bi5list0ixIKN8std_msgs8Float32_ISaIvEEEEERT_RKNS_17reference_wrapperIS8_EE
FN:225,_ZN5boost3_bi5list1INS_17reference_wrapperIKN8std_msgs8Float32_ISaIvEEEEEEC2ES8_
FN:241,_ZN5boost3_bi5list1INS_17reference_wrapperIKN8std_msgs8Float32_ISaIvEEEEEEclIN3ros17SerializedMessageEPFSC_RS7_ENS0_5list0EEET_NS0_4typeISH_EERT0_RT1_l
FN:886,_ZN5boost3_bi6bind_tIN3ros17SerializedMessageEPFS3_RKN8std_msgs8Float32_ISaIvEEEENS0_5list1INS_17reference_wrapperIS8_EEEEEC2ESB_RKSF_
FN:890,_ZN5boost3_bi6bind_tIN3ros17SerializedMessageEPFS3_RKN8std_msgs8Float32_ISaIvEEEENS0_5list1INS_17reference_wrapperIS8_EEEEEclEv
FNDA:3,_ZN5boost3_bi9unwrapperIPFN3ros17SerializedMessageERKN8std_msgs8Float32_ISaIvEEEEE6unwrapERSB_l
FNDA:6,_ZN5boost3_bi5list0C2Ev
FNDA:3,_ZNK5boost3_bi5list0ixIKN8std_msgs8Float32_ISaIvEEEEERT_RKNS_17reference_wrapperIS8_EE
FNDA:11,_ZN5boost3_bi5list1INS_17reference_wrapperIKN8std_msgs8Float32_ISaIvEEEEEEC2ES8_
FNDA:3,_ZN5boost3_bi5list1INS_17reference_wrapperIKN8std_msgs8Float32_ISaIvEEEEEEclIN3ros17SerializedMessageEPFSC_RS7_ENS0_5list0EEET_NS0_4typeISH_EERT0_RT1_l
FNDA:11,_ZN5boost3_bi6bind_tIN3ros17SerializedMessageEPFS3_RKN8std_msgs8Float32_ISaIvEEEENS0_5list1INS_17reference_wrapperIS8_EEEEEC2ESB_RKSF_
FNDA:3,_ZN5boost3_bi6bind_tIN3ros17SerializedMessageEPFS3_RKN8std_msgs8Float32_ISaIvEEEENS0_5list1INS_17reference_wrapperIS8_EEEEEclEv
FNF:7
FNH:7
DA:146,3
DA:148,3
DA:168,6
DA:174,6
DA:225,11
DA:241,3
DA:243,3
DA:886,11
DA:890,3
DA:892,3
DA:893,3
LF:11
LH:11
end_of_record
SF:/usr/include/boost/bind/bind_cc.hpp
FN:26,_ZN5boost4bindIN3ros17SerializedMessageERKN8std_msgs8Float32_ISaIvEEENS_17reference_wrapperIS7_EEEENS_3_bi6bind_tIT_PFSD_T0_ENSB_9list_av_1IT1_E4typeEEESG_SI_
FNDA:11,_ZN5boost4bindIN3ros17SerializedMessageERKN8std_msgs8Float32_ISaIvEEENS_17reference_wrapperIS7_EEEENS_3_bi6bind_tIT_PFSD_T0_ENSB_9list_av_1IT1_E4typeEEESG_SI_
FNF:1
FNH:1
DA:26,11
DA:30,11
LF:2
LH:2
end_of_record
SF:/usr/include/boost/bind/placeholders.hpp
DA:55,1
DA:56,1
DA:57,1
DA:58,1
DA:59,1
DA:60,1
DA:61,1
DA:62,1
DA:63,1
LF:9
LH:9
end_of_record
SF:/usr/include/boost/bind/storage.hpp
FN:42,_ZN5boost3_bi8storage1INS_17reference_wrapperIKN8std_msgs8Float32_ISaIvEEEEEEC2ES8_
FNDA:11,_ZN5boost3_bi8storage1INS_17reference_wrapperIKN8std_msgs8Float32_ISaIvEEEEEEC2ES8_
FNF:1
FNH:1
DA:42,11
LF:1
LH:1
end_of_record
SF:/usr/include/boost/core/addressof.hpp
DA:29,22
DA:30,22
DA:41,22
DA:116,44
LF:4
LH:4
end_of_record
SF:/usr/include/boost/core/checked_delete.hpp
FN:37,_ZN5boost20checked_array_deleteIhEEvPT_
FN:61,_ZNK5boost21checked_array_deleterIhEclEPh
FNDA:76,_ZN5boost20checked_array_deleteIhEEvPT_
FNDA:76,_ZNK5boost21checked_array_deleterIhEclEPh
FNF:2
FNH:2
DA:37,76
DA:41,76
DA:42,76
DA:61,76
DA:63,76
DA:64,76
LF:6
LH:6
end_of_record
SF:/usr/include/boost/core/ref.hpp
DA:73,11
DA:99,3
DA:139,11
LF:3
LH:3
end_of_record
SF:/usr/include/boost/function/function_base.hpp
FN:312,_ZN5boost6detail8function22functor_manager_commonINS_3_bi6bind_tIN3ros17SerializedMessageEPFS6_RKN8std_msgs8Float32_ISaIvEEEENS3_5list1INS_17reference_wrapperISB_EEEEEEE12manage_smallERKNS1_15function_bufferERSL_NS1_30functor_manager_operation_typeE
FN:361,_ZN5boost6detail8function15functor_managerINS_3_bi6bind_tIN3ros17SerializedMessageEPFS6_RKN8std_msgs8Float32_ISaIvEEEENS3_5list1INS_17reference_wrapperISB_EEEEEEE7managerERKNS1_15function_bufferERSL_NS1_30functor_manager_operation_typeEN4mpl_5bool_ILb1EEE
FN:409,_ZN5boost6detail8function15functor_managerINS_3_bi6bind_tIN3ros17SerializedMessageEPFS6_RKN8std_msgs8Float32_ISaIvEEEENS3_5list1INS_17reference_wrapperISB_EEEEEEE7managerERKNS1_15function_bufferERSL_NS1_30functor_manager_operation_typeENS1_16function_obj_tagE
FN:428,_ZN5boost6detail8function15functor_managerINS_3_bi6bind_tIN3ros17SerializedMessageEPFS6_RKN8std_msgs8Float32_ISaIvEEEENS3_5list1INS_17reference_wrapperISB_EEEEEEE6manageERKNS1_15function_bufferERSL_NS1_30functor_manager_operation_typeE
FN:633,_ZN5boost13function_baseC2Ev
FN:636,_ZNK5boost13function_base5emptyEv
FN:719,_ZNK5boost13function_base28has_trivial_copy_and_destroyEv
FN:886,_ZN5boost6detail8function16has_empty_targetEz
FNDA:0,_ZN5boost6detail8function22functor_manager_commonINS_3_bi6bind_tIN3ros17SerializedMessageEPFS6_RKN8std_msgs8Float32_ISaIvEEEENS3_5list1INS_17reference_wrapperISB_EEEEEEE12manage_smallERKNS1_15function_bufferERSL_NS1_30functor_manager_operation_typeE
FNDA:0,_ZN5boost6detail8function15functor_managerINS_3_bi6bind_tIN3ros17SerializedMessageEPFS6_RKN8std_msgs8Float32_ISaIvEEEENS3_5list1INS_17reference_wrapperISB_EEEEEEE7managerERKNS1_15function_bufferERSL_NS1_30functor_manager_operation_typeEN4mpl_5bool_ILb1EEE
FNDA:0,_ZN5boost6detail8function15functor_managerINS_3_bi6bind_tIN3ros17SerializedMessageEPFS6_RKN8std_msgs8Float32_ISaIvEEEENS3_5list1INS_17reference_wrapperISB_EEEEEEE7managerERKNS1_15function_bufferERSL_NS1_30functor_manager_operation_typeENS1_16function_obj_tagE
FNDA:0,_ZN5boost6detail8function15functor_managerINS_3_bi6bind_tIN3ros17SerializedMessageEPFS6_RKN8std_msgs8Float32_ISaIvEEEENS3_5list1INS_17reference_wrapperISB_EEEEEEE6manageERKNS1_15function_bufferERSL_NS1_30functor_manager_operation_typeE
FNDA:6040014,_ZN5boost13function_baseC2Ev
FNDA:244,_ZNK5boost13function_base5emptyEv
FNDA:6039944,_ZNK5boost13function_base28has_trivial_copy_and_destroyEv
FNDA:6040135,_ZN5boost6detail8function16has_empty_targetEz
FNF:8
FNH:4
DA:312,0
DA:315,0
DA:317,0
DA:318,0
DA:320,0
DA:321,0
DA:324,0
DA:325,0
DA:327,0
DA:330,0
DA:332,0
DA:333,0
DA:334,0
DA:336,0
DA:338,0
DA:339,0
DA:340,0
DA:342,0
DA:361,0
DA:364,0
DA:365,0
DA:409,0
DA:412,0
DA:414,0
DA:428,0
DA:432,0
DA:434,0
DA:435,0
DA:436,0
DA:437,0
DA:440,0
DA:441,0
DA:633,6040014
DA:636,244
DA:719,6039944
DA:720,6039944
DA:886,6040135
DA:888,6040135
LF:38
LH:6
end_of_record
SF:/usr/include/boost/function/function_template.hpp
FN:129,_ZN5boost6detail8function21function_obj_invoker0INS_3_bi6bind_tIN3ros17SerializedMessageEPFS6_RKN8std_msgs8Float32_ISaIvEEEENS3_5list1INS_17reference_wrapperISB_EEEEEES6_E6invokeERNS1_15function_bufferE
FN:495,_ZNK5boost6detail8function13basic_vtable0IN3ros17SerializedMessageEE9assign_toINS_3_bi6bind_tIS4_PFS4_RKN8std_msgs8Float32_ISaIvEEEENS7_5list1INS_17reference_wrapperISD_EEEEEEEEbT_RNS1_15function_bufferE
FN:507,_ZNK5boost6detail8function13basic_vtable1IvRKN3ros25SingleSubscriberPublisherEE5clearERNS1_15function_bufferE
FN:507,_ZNK5boost6detail8function13basic_vtable0IN3ros17SerializedMessageEE5clearERNS1_15function_bufferE
FN:570,_ZNK5boost6detail8function13basic_vtable0IN3ros17SerializedMessageEE14assign_functorINS_3_bi6bind_tIS4_PFS4_RKN8std_msgs8Float32_ISaIvEEEENS7_5list1INS_17reference_wrapperISD_EEEEEEEEvT_RNS1_15function_bufferEN4mpl_5bool_ILb1EEE
FN:605,_ZNK5boost6detail8function13basic_vtable0IN3ros17SerializedMessageEE9assign_toINS_3_bi6bind_tIS4_PFS4_RKN8std_msgs8Float32_ISaIvEEEENS7_5list1INS_17reference_wrapperISD_EEEEEEEEbT_RNS1_15function_bufferENS1_16function_obj_tagE
FN:684,_ZNK5boost9function0IN3ros17SerializedMessageEE10get_vtableEv
FN:684,_ZNK5boost9function1IvRKN3ros25SingleSubscriberPublisherEE10get_vtableEv
FN:713,_ZN5boost9function1IvRKN3ros25SingleSubscriberPublisherEEC2Ev
FN:718,_ZN5boost9function0IN3ros17SerializedMessageEEC2INS_3_bi6bind_tIS2_PFS2_RKN8std_msgs8Float32_ISaIvEEEENS5_5list1INS_17reference_wrapperISB_EEEEEEEET_NS_11enable_if_cIXsrNS_11type_traits7ice_notIXsrNS_11is_integralISK_EE5valueEEE5valueEiE4typeE
FN:753,_ZN5boost9function1IvRKN3ros25SingleSubscriberPublisherEEC2ERKS5_
FN:765,_ZN5boost9function1IvRKN3ros25SingleSubscriberPublisherEED2Ev
FN:765,_ZN5boost9function0IN3ros17SerializedMessageEED2Ev
FN:867,_ZN5boost9function1IvRKN3ros25SingleSubscriberPublisherEE4swapERS5_
FN:879,_ZN5boost9function1IvRKN3ros25SingleSubscriberPublisherEE5clearEv
FN:879,_ZN5boost9function0IN3ros17SerializedMessageEE5clearEv
FN:908,_ZN5boost9function1IvRKN3ros25SingleSubscriberPublisherEE13assign_to_ownERKS5_
FN:921,_ZN5boost9function0IN3ros17SerializedMessageEE9assign_toINS_3_bi6bind_tIS2_PFS2_RKN8std_msgs8Float32_ISaIvEEEENS5_5list1INS_17reference_wrapperISB_EEEEEEEEvT_
FN:992,_ZN5boost9function1IvRKN3ros25SingleSubscriberPublisherEE11move_assignERS5_
FN:1056,_ZN5boost8functionIFvRKN3ros25SingleSubscriberPublisherEEED2Ev
FN:1056,_ZN5boost8functionIFN3ros17SerializedMessageEvEED2Ev
FN:1066,_ZN5boost8functionIFvRKN3ros25SingleSubscriberPublisherEEEC2Ev
[...]
DA:686,0
DA:713,0
DA:718,39
DA:726,39
DA:728,39
DA:729,39
DA:753,0
DA:755,0
DA:756,0
DA:765,0
DA:867,0
DA:869,0
DA:870,0
DA:872,0
DA:873,0
DA:874,0
DA:875,0
DA:879,0
DA:881,0
DA:882,0
DA:883,0
DA:884,0
DA:886,0
DA:908,0
DA:910,0
DA:911,0
DA:912,0
DA:913,0
DA:915,0
DA:918,0
DA:921,39
DA:942,39
DA:943,39
DA:948,39
DA:949,39
DA:951,0
DA:952,39
DA:992,0
DA:994,0
DA:995,0
DA:998,0
DA:999,0
DA:1000,0
DA:1001,0
DA:1003,0
DA:1005,0
DA:1007,0
DA:1009,0
DA:1010,0
DA:1011,0
DA:1056,0
DA:1066,0
DA:1069,39
DA:1077,39
DA:1079,39
DA:1097,0
DA:1107,0
DA:1109,0
DA:1110,0
LF:77
LH:25
end_of_record
SF:/usr/include/boost/smart_ptr/detail/operator_bool.hpp
FN:60,_ZNK5boost10shared_ptrIN3ros9Publisher4ImplEEntEv
FNDA:0,_ZNK5boost10shared_ptrIN3ros9Publisher4ImplEEntEv
FNF:1
FNH:0
DA:60,0
DA:62,0
LF:2
LH:0
end_of_record
SF:/usr/include/boost/smart_ptr/detail/shared_count.hpp
FN:114,_ZN5boost6detail12shared_countC2Ev
FN:154,_ZN5boost6detail12shared_countC2IPhNS_21checked_array_deleterIhEEEET_T0_
FN:441,_ZN5boost6detail12shared_countD2Ev
FN:449,_ZN5boost6detail12shared_countC2ERKS1_
FN:486,_ZN5boost6detail12shared_count4swapERS1_
FNDA:0,_ZN5boost6detail12shared_countC2Ev
FNDA:0,_ZN5boost6detail12shared_countC2IPhNS_21checked_array_deleterIhEEEET_T0_
FNDA:0,_ZN5boost6detail12shared_countD2Ev
FNDA:0,_ZN5boost6detail12shared_countC2ERKS1_
FNDA:0,_ZN5boost6detail12shared_count4swapERS1_
FNF:5
FNH:0
DA:114,0
DA:119,0
DA:154,0
DA:167,0
DA:169,0
DA:171,0
DA:172,0
DA:186,0
DA:441,0
DA:442,0
DA:443,0
DA:447,0
DA:449,0
DA:454,0
DA:455,0
DA:486,0
DA:488,0
DA:489,0
DA:490,0
DA:491,0
LF:20
LH:0
end_of_record
SF:/usr/include/boost/smart_ptr/detail/sp_counted_base_gcc_x86.hpp
FN:35,_ZN5boost6detail23atomic_exchange_and_addEPii
FN:55,_ZN5boost6detail16atomic_incrementEPi
FN:109,_ZN5boost6detail15sp_counted_baseC2Ev
FN:113,_ZN5boost6detail15sp_counted_baseD0Ev
FN:113,_ZN5boost6detail15sp_counted_baseD2Ev
FN:124,_ZN5boost6detail15sp_counted_base7destroyEv
FN:132,_ZN5boost6detail15sp_counted_base12add_ref_copyEv
FN:142,_ZN5boost6detail15sp_counted_base7releaseEv
FN:156,_ZN5boost6detail15sp_counted_base12weak_releaseEv
FNDA:0,_ZN5boost6detail23atomic_exchange_and_addEPii
FNDA:0,_ZN5boost6detail16atomic_incrementEPi
FNDA:0,_ZN5boost6detail15sp_counted_baseC2Ev
FNDA:0,_ZN5boost6detail15sp_counted_baseD0Ev
FNDA:0,_ZN5boost6detail15sp_counted_baseD2Ev
FNDA:0,_ZN5boost6detail15sp_counted_base7destroyEv
FNDA:0,_ZN5boost6detail15sp_counted_base12add_ref_copyEv
FNDA:0,_ZN5boost6detail15sp_counted_base7releaseEv
FNDA:0,_ZN5boost6detail15sp_counted_base12weak_releaseEv
FNF:9
FNH:0
DA:35,0
DA:50,0
DA:52,0
DA:55,0
DA:66,0
DA:67,0
DA:109,0
DA:111,0
DA:113,0
DA:114,0
DA:115,0
DA:124,0
DA:126,0
DA:127,0
DA:132,0
DA:134,0
DA:135,0
DA:142,0
DA:144,0
DA:146,0
DA:147,0
DA:149,0
DA:156,0
DA:158,0
DA:160,0
DA:162,0
LF:26
LH:0
end_of_record
SF:/usr/include/boost/smart_ptr/detail/sp_counted_impl.hpp
FN:127,_ZN5boost6detail18sp_counted_impl_pdIPhNS_21checked_array_deleterIhEEED0Ev
FN:127,_ZN5boost6detail18sp_counted_impl_pdIPhNS_21checked_array_deleterIhEEED2Ev
FN:143,_ZN5boost6detail18sp_counted_impl_pdIPhNS_21checked_array_deleterIhEEEC2ES2_RS4_
FN:151,_ZN5boost6detail18sp_counted_impl_pdIPhNS_21checked_array_deleterIhEEE7disposeEv
FN:156,_ZN5boost6detail18sp_counted_impl_pdIPhNS_21checked_array_deleterIhEEE11get_deleterERKSt9type_info
FN:161,_ZN5boost6detail18sp_counted_impl_pdIPhNS_21checked_array_deleterIhEEE19get_untyped_deleterEv
FNDA:0,_ZN5boost6detail18sp_counted_impl_pdIPhNS_21checked_array_deleterIhEEED0Ev
FNDA:0,_ZN5boost6detail18sp_counted_impl_pdIPhNS_21checked_array_deleterIhEEED2Ev
FNDA:0,_ZN5boost6detail18sp_counted_impl_pdIPhNS_21checked_array_deleterIhEEEC2ES2_RS4_
FNDA:0,_ZN5boost6detail18sp_counted_impl_pdIPhNS_21checked_array_deleterIhEEE7disposeEv
FNDA:0,_ZN5boost6detail18sp_counted_impl_pdIPhNS_21checked_array_deleterIhEEE11get_deleterERKSt9type_info
FNDA:0,_ZN5boost6detail18sp_counted_impl_pdIPhNS_21checked_array_deleterIhEEE19get_untyped_deleterEv
FNF:6
FNH:0
DA:127,0
DA:143,0
DA:145,0
DA:151,0
DA:153,0
DA:154,0
DA:156,0
DA:158,0
DA:161,0
DA:163,0
LF:10
LH:0
end_of_record
SF:/usr/include/boost/smart_ptr/shared_array.hpp
FN:44,_ZN5boost12shared_arrayIhED2Ev
FN:56,_ZN5boost12shared_arrayIhEC2Ev
FN:69,_ZN5boost12shared_arrayIhEC2IhEEPT_
FN:175,_ZN5boost12shared_arrayIhE5resetIhEEvPT_
FN:203,_ZNK5boost12shared_arrayIhE3getEv
FN:221,_ZN5boost12shared_arrayIhE4swapERS1_
FNDA:0,_ZN5boost12shared_arrayIhED2Ev
FNDA:0,_ZN5boost12shared_arrayIhEC2Ev
FNDA:0,_ZN5boost12shared_arrayIhEC2IhEEPT_
FNDA:0,_ZN5boost12shared_arrayIhE5resetIhEEvPT_
FNDA:0,_ZNK5boost12shared_arrayIhE3getEv
FNDA:0,_ZN5boost12shared_arrayIhE4swapERS1_
FNF:6
FNH:0
DA:44,0
DA:56,0
DA:58,0
DA:69,0
DA:71,0
DA:72,0
DA:175,0
DA:177,0
DA:178,0
DA:179,0
DA:203,0
DA:205,0
DA:221,0
DA:223,0
DA:224,0
DA:225,0
LF:16
LH:0
end_of_record
SF:/usr/include/boost/smart_ptr/shared_ptr.hpp
FN:251,_ZN5boost6detail21sp_assert_convertibleIA_hS2_EEvv
FN:323,_ZN5boost10shared_ptrIN9cv_bridge7CvImageEED2Ev
FN:323,_ZN5boost10shared_ptrIN3ros9Publisher4ImplEED2Ev
FN:323,_ZN5boost10shared_ptrIKvED2Ev
FN:334,_ZN5boost10shared_ptrIN3ros10Subscriber4ImplEEC2Ev
FN:334,_ZN5boost10shared_ptrIN9cv_bridge7CvImageEEC2Ev
FN:334,_ZN5boost10shared_ptrIN3ros9Publisher4ImplEEC2Ev
FN:334,_ZN5boost10shared_ptrIKvEC2Ev
FN:392,_ZN5boost10shared_ptrIN3ros9Publisher4ImplEEC2ERKS4_
FN:500,_ZN5boost10shared_ptrIN3ros9Publisher4ImplEEaSERKS4_
FN:563,_ZN5boost10shared_ptrIN9cv_bridge7CvImageEEC2EOS3_
FN:587,_ZN5boost10shared_ptrIN9cv_bridge7CvImageEEaSEOS3_
FN:646,_ZNK5boost10shared_ptrIN3ros9Publisher4ImplEEptEv
FN:646,_ZNK5boost10shared_ptrIKN11sensor_msgs6Image_ISaIvEEEEptEv
FN:646,_ZNK5boost10shared_ptrIN9cv_bridge7CvImageEEptEv
FN:679,_ZN5boost10shared_ptrIN3ros9Publisher4ImplEE4swapERS4_
FN:679,_ZN5boost10shared_ptrIN9cv_bridge7CvImageEE4swapERS3_
FNDA:0,_ZN5boost6detail21sp_assert_convertibleIA_hS2_EEvv
FNDA:0,_ZN5boost10shared_ptrIN9cv_bridge7CvImageEED2Ev
FNDA:0,_ZN5boost10shared_ptrIN3ros9Publisher4ImplEED2Ev
FNDA:0,_ZN5boost10shared_ptrIKvED2Ev
FNDA:0,_ZN5boost10shared_ptrIN9cv_bridge7CvImageEEC2Ev
FNDA:0,_ZN5boost10shared_ptrIN3ros10Subscriber4ImplEEC2Ev
FNDA:0,_ZN5boost10shared_ptrIN3ros9Publisher4ImplEEC2Ev
FNDA:0,_ZN5boost10shared_ptrIKvEC2Ev
FNDA:0,_ZN5boost10shared_ptrIN3ros9Publisher4ImplEEC2ERKS4_
FNDA:0,_ZN5boost10shared_ptrIN3ros9Publisher4ImplEEaSERKS4_
FNDA:0,_ZN5boost10shared_ptrIN9cv_bridge7CvImageEEC2EOS3_
FNDA:0,_ZN5boost10shared_ptrIN9cv_bridge7CvImageEEaSEOS3_
FNDA:0,_ZNK5boost10shared_ptrIKN11sensor_msgs6Image_ISaIvEEEEptEv
FNDA:0,_ZNK5boost10shared_ptrIN9cv_bridge7CvImageEEptEv
FNDA:0,_ZNK5boost10shared_ptrIN3ros9Publisher4ImplEEptEv
FNDA:0,_ZN5boost10shared_ptrIN9cv_bridge7CvImageEE4swapERS3_
FNDA:0,_ZN5boost10shared_ptrIN3ros9Publisher4ImplEE4swapERS4_
FNF:17
FNH:0
DA:251,0
DA:265,0
DA:323,0
DA:334,0
DA:336,0
DA:392,0
DA:394,0
DA:500,0
DA:502,0
DA:503,0
DA:563,0
DA:565,0
DA:566,0
DA:567,0
DA:587,0
DA:589,0
DA:590,0
DA:646,0
DA:648,0
DA:649,0
DA:679,0
DA:681,0
DA:682,0
DA:683,0
LF:24
LH:0
end_of_record
SF:/usr/include/c++/5/bits/alloc_traits.h
FN:516,_ZNSt16allocator_traitsISaISt13_Rb_tree_nodeISt4pairIKNSt7__cxx1112basic_stringIcSt11char_traitsIcESaIcEEES7_EEEE10deallocateERSB_PSA_m
FN:516,_ZNSt16allocator_traitsISaIN2cv5Rect_IiEEEE10deallocateERS3_PS2_m
FN:541,_ZNSt16allocator_traitsISaISt13_Rb_tree_nodeISt4pairIKNSt7__cxx1112basic_stringIcSt11char_traitsIcESaIcEEES7_EEEE7destroyIS9_EEvRSB_PT_
FNDA:0,_ZNSt16allocator_traitsISaISt13_Rb_tree_nodeISt4pairIKNSt7__cxx1112basic_stringIcSt11char_traitsIcESaIcEEES7_EEEE10deallocateERSB_PSA_m
FNDA:34,_ZNSt16allocator_traitsISaIN2cv5Rect_IiEEEE10deallocateERS3_PS2_m
FNDA:0,_ZNSt16allocator_traitsISaISt13_Rb_tree_nodeISt4pairIKNSt7__cxx1112basic_stringIcSt11char_traitsIcESaIcEEES7_EEEE7destroyIS9_EEvRSB_PT_
FNF:3
FNH:1
DA:516,34
DA:517,34
DA:541,0
DA:542,0
LF:4
LH:2
end_of_record
SF:/usr/include/c++/5/bits/allocator.h
FN:113,_ZNSaIN2cv5Rect_IiEEEC2Ev
FN:113,_ZNSaISt13_Rb_tree_nodeISt4pairIKNSt7__cxx1112basic_stringIcSt11char_traitsIcESaIcEEES6_EEEC2Ev
FN:121,_ZNSaIN2cv5Rect_IiEEED2Ev
FN:121,_ZNSaISt13_Rb_tree_nodeISt4pairIKNSt7__cxx1112basic_stringIcSt11char_traitsIcESaIcEEES6_EEED2Ev
FNDA:78,_ZNSaIN2cv5Rect_IiEEEC2Ev
FNDA:0,_ZNSaISt13_Rb_tree_nodeISt4pairIKNSt7__cxx1112basic_stringIcSt11char_traitsIcESaIcEEES6_EEEC2Ev
FNDA:78,_ZNSaIN2cv5Rect_IiEEED2Ev
FNDA:0,_ZNSaISt13_Rb_tree_nodeISt4pairIKNSt7__cxx1112basic_stringIcSt11char_traitsIcESaIcEEES6_EEED2Ev
FNF:4
FNH:2
DA:113,78
DA:121,78
LF:2
LH:2
end_of_record
SF:/usr/include/c++/5/bits/basic_string.h
FN:4937,_ZSteqIcSt11char_traitsIcESaIcEEbRKNSt7__cxx1112basic_stringIT_T0_T1_EEPKS5_
FNDA:0,_ZSteqIcSt11char_traitsIcESaIcEEbRKNSt7__cxx1112basic_stringIT_T0_T1_EEPKS5_
FNF:1
FNH:0
DA:4937,0
DA:4939,0
LF:2
LH:0
end_of_record
SF:/usr/include/c++/5/bits/ios_base.h
FN:129,_ZStorSt13_Ios_OpenmodeS_
FNDA:0,_ZStorSt13_Ios_OpenmodeS_
FNF:1
FNH:0
DA:129,0
DA:130,0
LF:2
LH:0
end_of_record
SF:/usr/include/c++/5/bits/move.h
FN:101,_ZSt4moveIRPhEONSt16remove_referenceIT_E4typeEOS3_
FN:101,_ZSt4moveIRPN9cv_bridge7CvImageEEONSt16remove_referenceIT_E4typeEOS5_
FN:101,_ZSt4moveIRPN3ros9Publisher4ImplEEONSt16remove_referenceIT_E4typeEOS6_
FN:176,_ZSt4swapIPhEvRT_S2_
FN:176,_ZSt4swapIPN9cv_bridge7CvImageEEvRT_S4_
FN:176,_ZSt4swapIPN3ros9Publisher4ImplEEvRT_S5_
FNDA:0,_ZSt4moveIRPN9cv_bridge7CvImageEEONSt16remove_referenceIT_E4typeEOS5_
FNDA:0,_ZSt4moveIRPN3ros9Publisher4ImplEEONSt16remove_referenceIT_E4typeEOS6_
FNDA:0,_ZSt4moveIRPhEONSt16remove_referenceIT_E4typeEOS3_
FNDA:0,_ZSt4swapIPN9cv_bridge7CvImageEEvRT_S4_
FNDA:0,_ZSt4swapIPN3ros9Publisher4ImplEEvRT_S5_
FNDA:0,_ZSt4swapIPhEvRT_S2_
FNF:6
FNH:0
DA:101,0
DA:102,0
DA:176,0
DA:185,0
DA:186,0
DA:187,0
DA:188,0
LF:7
LH:0
end_of_record
SF:/usr/include/c++/5/bits/stl_construct.h
FN:112,_ZNSt12_Destroy_auxILb1EE9__destroyIPN2cv5Rect_IiEEEEvT_S6_
FN:122,_ZSt8_DestroyIPN2cv5Rect_IiEEEvT_S4_
FN:148,_ZSt8_DestroyIPN2cv5Rect_IiEES2_EvT_S4_RSaIT0_E
FNDA:78,_ZNSt12_Destroy_auxILb1EE9__destroyIPN2cv5Rect_IiEEEEvT_S6_
FNDA:78,_ZSt8_DestroyIPN2cv5Rect_IiEEEvT_S4_
FNDA:78,_ZSt8_DestroyIPN2cv5Rect_IiEES2_EvT_S4_RSaIT0_E
FNF:3
FNH:3
DA:112,78
DA:122,78
DA:126,78
DA:128,78
DA:148,78
DA:151,78
DA:152,78
LF:7
LH:7
end_of_record
SF:/usr/include/c++/5/bits/stl_function.h
FN:105,_ZNSt14unary_functionIRKN3ros25SingleSubscriberPublisherEvEC2Ev
FNDA:0,_ZNSt14unary_functionIRKN3ros25SingleSubscriberPublisherEvEC2Ev
FNF:1
FNH:0
DA:105,0
LF:1
LH:0
end_of_record
SF:/usr/include/c++/5/bits/stl_map.h
FN:96,_ZNSt3mapINSt7__cxx1112basic_stringIcSt11char_traitsIcESaIcEEES5_St4lessIS5_ESaISt4pairIKS5_S5_EEED2Ev
FN:162,_ZNSt3mapINSt7__cxx1112basic_stringIcSt11char_traitsIcESaIcEEES5_St4lessIS5_ESaISt4pairIKS5_S5_EEEC2Ev
FNDA:0,_ZNSt3mapINSt7__cxx1112basic_stringIcSt11char_traitsIcESaIcEEES5_St4lessIS5_ESaISt4pairIKS5_S5_EEED2Ev
FNDA:0,_ZNSt3mapINSt7__cxx1112basic_stringIcSt11char_traitsIcESaIcEEES5_St4lessIS5_ESaISt4pairIKS5_S5_EEEC2Ev
FNF:2
FNH:0
DA:96,0
DA:162,0
DA:166,0
LF:3
LH:0
end_of_record
SF:/usr/include/c++/5/bits/stl_pair.h
FN:96,_ZNSt4pairIKNSt7__cxx1112basic_stringIcSt11char_traitsIcESaIcEEES5_ED2Ev
FNDA:0,_ZNSt4pairIKNSt7__cxx1112basic_stringIcSt11char_traitsIcESaIcEEES5_ED2Ev
FNF:1
FNH:0
DA:96,0
LF:1
LH:0
end_of_record
SF:/usr/include/c++/5/bits/stl_tree.h
FN:152,_ZNSt13_Rb_tree_nodeISt4pairIKNSt7__cxx1112basic_stringIcSt11char_traitsIcESaIcEEES6_EE9_M_valptrEv
FN:477,_ZNSt8_Rb_treeINSt7__cxx1112basic_stringIcSt11char_traitsIcESaIcEEESt4pairIKS5_S5_ESt10_Select1stIS8_ESt4lessIS5_ESaIS8_EE21_M_get_Node_allocatorEv
FN:494,_ZNSt8_Rb_treeINSt7__cxx1112basic_stringIcSt11char_traitsIcESaIcEEESt4pairIKS5_S5_ESt10_Select1stIS8_ESt4lessIS5_ESaIS8_EE11_M_put_nodeEPSt13_Rb_tree_nodeIS8_E
FN:551,_ZNSt8_Rb_treeINSt7__cxx1112basic_stringIcSt11char_traitsIcESaIcEEESt4pairIKS5_S5_ESt10_Select1stIS8_ESt4lessIS5_ESaIS8_EE15_M_destroy_nodeEPSt13_Rb_tree_nodeIS8_E
FN:559,_ZNSt8_Rb_treeINSt7__cxx1112basic_stringIcSt11char_traitsIcESaIcEEESt4pairIKS5_S5_ESt10_Select1stIS8_ESt4lessIS5_ESaIS8_EE12_M_drop_nodeEPSt13_Rb_tree_nodeIS8_E
FN:580,_ZNSt8_Rb_treeINSt7__cxx1112basic_stringIcSt11char_traitsIcESaIcEEESt4pairIKS5_S5_ESt10_Select1stIS8_ESt4lessIS5_ESaIS8_EE13_Rb_tree_implISC_Lb1EED2Ev
FN:586,_ZNSt8_Rb_treeINSt7__cxx1112basic_stringIcSt11char_traitsIcESaIcEEESt4pairIKS5_S5_ESt10_Select1stIS8_ESt4lessIS5_ESaIS8_EE13_Rb_tree_implISC_Lb1EEC2Ev
FN:614,_ZNSt8_Rb_treeINSt7__cxx1112basic_stringIcSt11char_traitsIcESaIcEEESt4pairIKS5_S5_ESt10_Select1stIS8_ESt4lessIS5_ESaIS8_EE13_Rb_tree_implISC_Lb1EE13_M_initializeEv
FN:651,_ZNSt8_Rb_treeINSt7__cxx1112basic_stringIcSt11char_traitsIcESaIcEEESt4pairIKS5_S5_ESt10_Select1stIS8_ESt4lessIS5_ESaIS8_EE8_M_beginEv
FN:678,_ZNSt8_Rb_treeINSt7__cxx1112basic_stringIcSt11char_traitsIcESaIcEEESt4pairIKS5_S5_ESt10_Select1stIS8_ESt4lessIS5_ESaIS8_EE7_S_leftEPSt18_Rb_tree_node_base
FN:686,_ZNSt8_Rb_treeINSt7__cxx1112basic_stringIcSt11char_traitsIcESaIcEEESt4pairIKS5_S5_ESt10_Select1stIS8_ESt4lessIS5_ESaIS8_EE8_S_rightEPSt18_Rb_tree_node_base
FN:807,_ZNSt8_Rb_treeINSt7__cxx1112basic_stringIcSt11char_traitsIcESaIcEEESt4pairIKS5_S5_ESt10_Select1stIS8_ESt4lessIS5_ESaIS8_EEC2Ev
FN:857,_ZNSt8_Rb_treeINSt7__cxx1112basic_stringIcSt11char_traitsIcESaIcEEESt4pairIKS5_S5_ESt10_Select1stIS8_ESt4lessIS5_ESaIS8_EED2Ev
FN:1606,_ZNSt8_Rb_treeINSt7__cxx1112basic_stringIcSt11char_traitsIcESaIcEEESt4pairIKS5_S5_ESt10_Select1stIS8_ESt4lessIS5_ESaIS8_EE8_M_eraseEPSt13_Rb_tree_nodeIS8_E
FNDA:0,_ZNSt13_Rb_tree_nodeISt4pairIKNSt7__cxx1112basic_stringIcSt11char_traitsIcESaIcEEES6_EE9_M_valptrEv
FNDA:0,_ZNSt8_Rb_treeINSt7__cxx1112basic_stringIcSt11char_traitsIcESaIcEEESt4pairIKS5_S5_ESt10_Select1stIS8_ESt4lessIS5_ESaIS8_EE21_M_get_Node_allocatorEv
FNDA:0,_ZNSt8_Rb_treeINSt7__cxx1112basic_stringIcSt11char_traitsIcESaIcEEESt4pairIKS5_S5_ESt10_Select1stIS8_ESt4lessIS5_ESaIS8_EE11_M_put_nodeEPSt13_Rb_tree_nodeIS8_E
FNDA:0,_ZNSt8_Rb_treeINSt7__cxx1112basic_stringIcSt11char_traitsIcESaIcEEESt4pairIKS5_S5_ESt10_Select1stIS8_ESt4lessIS5_ESaIS8_EE15_M_destroy_nodeEPSt13_Rb_tree_nodeIS8_E
FNDA:0,_ZNSt8_Rb_treeINSt7__cxx1112basic_stringIcSt11char_traitsIcESaIcEEESt4pairIKS5_S5_ESt10_Select1stIS8_ESt4lessIS5_ESaIS8_EE12_M_drop_nodeEPSt13_Rb_tree_nodeIS8_E
FNDA:0,_ZNSt8_Rb_treeINSt7__cxx1112basic_stringIcSt11char_traitsIcESaIcEEESt4pairIKS5_S5_ESt10_Select1stIS8_ESt4lessIS5_ESaIS8_EE13_Rb_tree_implISC_Lb1EED2Ev
FNDA:0,_ZNSt8_Rb_treeINSt7__cxx1112basic_stringIcSt11char_traitsIcESaIcEEESt4pairIKS5_S5_ESt10_Select1stIS8_ESt4lessIS5_ESaIS8_EE13_Rb_tree_implISC_Lb1EEC2Ev
FNDA:0,_ZNSt8_Rb_treeINSt7__cxx1112basic_stringIcSt11char_traitsIcESaIcEEESt4pairIKS5_S5_ESt10_Select1stIS8_ESt4lessIS5_ESaIS8_EE13_Rb_tree_implISC_Lb1EE13_M_initializeEv
FNDA:0,_ZNSt8_Rb_treeINSt7__cxx1112basic_stringIcSt11char_traitsIcESaIcEEESt4pairIKS5_S5_ESt10_Select1stIS8_ESt4lessIS5_ESaIS8_EE8_M_beginEv
FNDA:0,_ZNSt8_Rb_treeINSt7__cxx1112basic_stringIcSt11char_traitsIcESaIcEEESt4pairIKS5_S5_ESt10_Select1stIS8_ESt4lessIS5_ESaIS8_EE7_S_leftEPSt18_Rb_tree_node_base
FNDA:0,_ZNSt8_Rb_treeINSt7__cxx1112basic_stringIcSt11char_traitsIcESaIcEEESt4pairIKS5_S5_ESt10_Select1stIS8_ESt4lessIS5_ESaIS8_EE8_S_rightEPSt18_Rb_tree_node_base
FNDA:0,_ZNSt8_Rb_treeINSt7__cxx1112basic_stringIcSt11char_traitsIcESaIcEEESt4pairIKS5_S5_ESt10_Select1stIS8_ESt4lessIS5_ESaIS8_EEC2Ev
FNDA:0,_ZNSt8_Rb_treeINSt7__cxx1112basic_stringIcSt11char_traitsIcESaIcEEESt4pairIKS5_S5_ESt10_Select1stIS8_ESt4lessIS5_ESaIS8_EED2Ev
FNDA:0,_ZNSt8_Rb_treeINSt7__cxx1112basic_stringIcSt11char_traitsIcESaIcEEESt4pairIKS5_S5_ESt10_Select1stIS8_ESt4lessIS5_ESaIS8_EE8_M_eraseEPSt13_Rb_tree_nodeIS8_E
FNF:14
FNH:0
DA:152,0
DA:153,0
DA:477,0
DA:478,0
DA:494,0
DA:495,0
DA:551,0
DA:553,0
DA:555,0
DA:559,0
DA:561,0
DA:562,0
DA:563,0
DA:580,0
DA:586,0
DA:588,0
DA:589,0
DA:614,0
DA:616,0
DA:617,0
DA:618,0
DA:619,0
DA:620,0
DA:651,0
DA:652,0
DA:678,0
DA:679,0
DA:686,0
DA:687,0
DA:807,0
DA:857,0
DA:858,0
DA:1606,0
DA:1610,0
DA:1612,0
DA:1613,0
DA:1614,0
DA:1615,0
DA:1617,0
LF:39
LH:0
end_of_record
SF:/usr/include/c++/5/bits/stl_vector.h
FN:79,_ZNSt12_Vector_baseIN2cv5Rect_IiEESaIS2_EE12_Vector_implD2Ev
FN:86,_ZNSt12_Vector_baseIN2cv5Rect_IiEESaIS2_EE12_Vector_implC2Ev
FN:113,_ZNSt12_Vector_baseIN2cv5Rect_IiEESaIS2_EE19_M_get_Tp_allocatorEv
FN:124,_ZNSt12_Vector_baseIN2cv5Rect_IiEESaIS2_EEC2Ev
FN:159,_ZNSt12_Vector_baseIN2cv5Rect_IiEESaIS2_EED2Ev
FN:174,_ZNSt12_Vector_baseIN2cv5Rect_IiEESaIS2_EE13_M_deallocateEPS2_m
FN:253,_ZNSt6vectorIN2cv5Rect_IiEESaIS2_EEC2Ev
FN:423,_ZNSt6vectorIN2cv5Rect_IiEESaIS2_EED2Ev
FN:654,_ZNKSt6vectorIN2cv5Rect_IiEESaIS2_EE4sizeEv
FN:779,_ZNSt6vectorIN2cv5Rect_IiEESaIS2_EEixEm
FNDA:78,_ZNSt12_Vector_baseIN2cv5Rect_IiEESaIS2_EE12_Vector_implD2Ev
FNDA:78,_ZNSt12_Vector_baseIN2cv5Rect_IiEESaIS2_EE12_Vector_implC2Ev
FNDA:78,_ZNSt12_Vector_baseIN2cv5Rect_IiEESaIS2_EE19_M_get_Tp_allocatorEv
FNDA:78,_ZNSt12_Vector_baseIN2cv5Rect_IiEESaIS2_EEC2Ev
FNDA:78,_ZNSt12_Vector_baseIN2cv5Rect_IiEESaIS2_EED2Ev
FNDA:78,_ZNSt12_Vector_baseIN2cv5Rect_IiEESaIS2_EE13_M_deallocateEPS2_m
FNDA:78,_ZNSt6vectorIN2cv5Rect_IiEESaIS2_EEC2Ev
FNDA:78,_ZNSt6vectorIN2cv5Rect_IiEESaIS2_EED2Ev
FNDA:45,_ZNKSt6vectorIN2cv5Rect_IiEESaIS2_EE4sizeEv
FNDA:36,_ZNSt6vectorIN2cv5Rect_IiEESaIS2_EEixEm
FNF:10
FNH:10
DA:79,78
DA:86,78
DA:87,78
DA:88,78
DA:113,78
DA:114,78
DA:124,78
DA:125,78
DA:159,78
DA:160,156
DA:161,234
DA:174,78
DA:177,78
DA:178,34
DA:179,78
DA:253,78
DA:257,78
DA:423,78
DA:424,78
DA:425,156
DA:654,45
DA:655,45
DA:779,36
DA:780,36
LF:24
LH:24
end_of_record
SF:/usr/include/c++/5/ext/aligned_buffer.h
FN:62,_ZN9__gnu_cxx16__aligned_membufISt4pairIKNSt7__cxx1112basic_stringIcSt11char_traitsIcESaIcEEES7_EE7_M_addrEv
FN:70,_ZN9__gnu_cxx16__aligned_membufISt4pairIKNSt7__cxx1112basic_stringIcSt11char_traitsIcESaIcEEES7_EE6_M_ptrEv
FNDA:0,_ZN9__gnu_cxx16__aligned_membufISt4pairIKNSt7__cxx1112basic_stringIcSt11char_traitsIcESaIcEEES7_EE7_M_addrEv
FNDA:0,_ZN9__gnu_cxx16__aligned_membufISt4pairIKNSt7__cxx1112basic_stringIcSt11char_traitsIcESaIcEEES7_EE6_M_ptrEv
FNF:2
FNH:0
DA:62,0
DA:63,0
DA:70,0
DA:71,0
LF:4
LH:0
end_of_record
SF:/usr/include/c++/5/ext/new_allocator.h
FN:79,_ZN9__gnu_cxx13new_allocatorIN2cv5Rect_IiEEEC2Ev
FN:79,_ZN9__gnu_cxx13new_allocatorISt13_Rb_tree_nodeISt4pairIKNSt7__cxx1112basic_stringIcSt11char_traitsIcESaIcEEES8_EEEC2Ev
FN:86,_ZN9__gnu_cxx13new_allocatorIN2cv5Rect_IiEEED2Ev
FN:86,_ZN9__gnu_cxx13new_allocatorISt13_Rb_tree_nodeISt4pairIKNSt7__cxx1112basic_stringIcSt11char_traitsIcESaIcEEES8_EEED2Ev
FN:109,_ZN9__gnu_cxx13new_allocatorISt13_Rb_tree_nodeISt4pairIKNSt7__cxx1112basic_stringIcSt11char_traitsIcESaIcEEES8_EEE10deallocateEPSB_m
FN:109,_ZN9__gnu_cxx13new_allocatorIN2cv5Rect_IiEEE10deallocateEPS3_m
FN:124,_ZN9__gnu_cxx13new_allocatorISt13_Rb_tree_nodeISt4pairIKNSt7__cxx1112basic_stringIcSt11char_traitsIcESaIcEEES8_EEE7destroyISA_EEvPT_
FNDA:78,_ZN9__gnu_cxx13new_allocatorIN2cv5Rect_IiEEEC2Ev
FNDA:0,_ZN9__gnu_cxx13new_allocatorISt13_Rb_tree_nodeISt4pairIKNSt7__cxx1112basic_stringIcSt11char_traitsIcESaIcEEES8_EEEC2Ev
FNDA:78,_ZN9__gnu_cxx13new_allocatorIN2cv5Rect_IiEEED2Ev
FNDA:0,_ZN9__gnu_cxx13new_allocatorISt13_Rb_tree_nodeISt4pairIKNSt7__cxx1112basic_stringIcSt11char_traitsIcESaIcEEES8_EEED2Ev
FNDA:0,_ZN9__gnu_cxx13new_allocatorISt13_Rb_tree_nodeISt4pairIKNSt7__cxx1112basic_stringIcSt11char_traitsIcESaIcEEES8_EEE10deallocateEPSB_m
FNDA:34,_ZN9__gnu_cxx13new_allocatorIN2cv5Rect_IiEEE10deallocateEPS3_m
FNDA:0,_ZN9__gnu_cxx13new_allocatorISt13_Rb_tree_nodeISt4pairIKNSt7__cxx1112basic_stringIcSt11char_traitsIcESaIcEEES8_EEE7destroyISA_EEvPT_
FNF:7
FNH:3
DA:79,78
DA:86,78
DA:109,34
DA:110,34
DA:124,0
LF:5
LH:4
end_of_record
SF:/usr/include/c++/5/iostream
DA:74,2
LF:1
LH:1
end_of_record
SF:/usr/include/c++/5/new
FN:129,_ZnwmPv
FNDA:0,_ZnwmPv
FNF:1
FNH:0
DA:129,0
DA:130,0
LF:2
LH:0
end_of_record
SF:/usr/include/c++/5/typeinfo
FN:99,_ZNKSt9type_info4nameEv
FN:120,_ZNKSt9type_infoeqERKS_
FNDA:0,_ZNKSt9type_info4nameEv
FNDA:0,_ZNKSt9type_infoeqERKS_
FNF:2
FNH:0
DA:99,0
DA:100,0
DA:120,0
DA:122,0
DA:123,0
DA:124,0
LF:6
LH:0
end_of_record
